<?xml version="1.0" encoding="UTF-8"?>
<coverage line-rate="0.6217328170377541" lines-covered="2569" lines-valid="4132" version="Jtest 2023.2.0">
	<packages>
		<package name="com.parasoft.bookstore" line-rate="0.42298850574712643">
			<classes>
				<class filename="src/main/java/com/parasoft/bookstore/Book.java" name="com.parasoft.bookstore.Book" line-rate="0.296296296296296296">
					<lines>
						<line number="19" hits="0" hash="880384892"/>
						<line number="21" hits="0" hash="30537853"/>
						<line number="27" hits="2" hash="791839899"/>
						<line number="28" hits="2" hash="1629901960"/>
						<line number="29" hits="2" hash="-278106436"/>
						<line number="30" hits="2" hash="783505822"/>
						<line number="31" hits="2" hash="-100516234"/>
						<line number="32" hits="2" hash="78451894"/>
						<line number="33" hits="2" hash="30537853"/>
						<line number="36" hits="0" hash="-1536023275"/>
						<line number="40" hits="0" hash="1629901960"/>
						<line number="41" hits="0" hash="30537853"/>
						<line number="44" hits="0" hash="1825136522"/>
						<line number="48" hits="0" hash="384100840"/>
						<line number="49" hits="0" hash="30537853"/>
						<line number="52" hits="0" hash="1085959343"/>
						<line number="56" hits="0" hash="78451894"/>
						<line number="57" hits="0" hash="30537853"/>
						<line number="60" hits="0" hash="141058531"/>
						<line number="64" hits="0" hash="783505822"/>
						<line number="65" hits="0" hash="30537853"/>
						<line number="68" hits="1" hash="1538624175"/>
						<line number="72" hits="0" hash="-100516234"/>
						<line number="73" hits="0" hash="30537853"/>
						<line number="76" hits="0" hash="1327687381"/>
						<line number="80" hits="0" hash="-601322144"/>
						<line number="81" hits="0" hash="30537853"/>
					</lines>
				</class>
				<class filename="src/main/java/com/parasoft/bookstore/BookStoreDB.java" name="com.parasoft.bookstore.BookStoreDB" line-rate="0.345794392523364486">
					<lines>
						<line number="32" hits="1" hash="446938350"/>
						<line number="42" hits="1" hash="-1165179393"/>
						<line number="43" hits="1" hash="30537853"/>
						<line number="51" hits="2" hash="811170298"/>
						<line number="52" hits="1" hash="-626280599"/>
						<line number="53" hits="2" hash="-397449914"/>
						<line number="54" hits="0" hash="1521574304"/>
						<line number="56" hits="2" hash="60966029"/>
						<line number="61" hits="0" hash="-153727563"/>
						<line number="75" hits="0" hash="-1535282795"/>
						<line number="80" hits="0" hash="1388981580"/>
						<line number="81" hits="0" hash="-1644669717"/>
						<line number="82" hits="0" hash="-915907189"/>
						<line number="83" hits="0" hash="720401864"/>
						<line number="84" hits="0" hash="-575793215"/>
						<line number="90" hits="0" hash="689797161"/>
						<line number="91" hits="0" hash="-1578556584"/>
						<line number="93" hits="0" hash="-637464543"/>
						<line number="106" hits="0" hash="1840063024"/>
						<line number="107" hits="0" hash="-2032639243"/>
						<line number="108" hits="0" hash="1108612537"/>
						<line number="109" hits="0" hash="919089053"/>
						<line number="110" hits="0" hash="-847687853"/>
						<line number="111" hits="0" hash="219772489"/>
						<line number="112" hits="0" hash="1492378341"/>
						<line number="113" hits="0" hash="1845640959"/>
						<line number="114" hits="0" hash="-292829849"/>
						<line number="116" hits="0" hash="-133432757"/>
						<line number="119" hits="0" hash="-331046962"/>
						<line number="120" hits="0" hash="348180725"/>
						<line number="121" hits="0" hash="533844022"/>
						<line number="122" hits="0" hash="-1871885549"/>
						<line number="123" hits="0" hash="1508283022"/>
						<line number="125" hits="0" hash="-219810162"/>
						<line number="126" hits="0" hash="-1817190729"/>
						<line number="127" hits="0" hash="-1825250166"/>
						<line number="128" hits="0" hash="472161270"/>
						<line number="129" hits="0" hash="1178724477"/>
						<line number="131" hits="0" hash="-2044314442"/>
						<line number="133" hits="0" hash="-1646597656"/>
						<line number="134" hits="0" hash="891380400"/>
						<line number="137" hits="0" hash="-826785788"/>
						<line number="139" hits="0" hash="-1501048314"/>
						<line number="140" hits="0" hash="791562544"/>
						<line number="141" hits="0" hash="1508372605"/>
						<line number="143" hits="0" hash="-705271030"/>
						<line number="144" hits="0" hash="-1003802203"/>
						<line number="145" hits="0" hash="-202375223"/>
						<line number="146" hits="0" hash="369275410"/>
						<line number="147" hits="0" hash="-50180053"/>
						<line number="148" hits="0" hash="1661644731"/>
						<line number="150" hits="0" hash="1178724477"/>
						<line number="153" hits="0" hash="710518662"/>
						<line number="155" hits="0" hash="23428678"/>
						<line number="156" hits="0" hash="1190664816"/>
						<line number="159" hits="0" hash="-2130658743"/>
						<line number="160" hits="0" hash="1042829605"/>
						<line number="163" hits="0" hash="211569169"/>
						<line number="173" hits="2" hash="1388981580"/>
						<line number="174" hits="2" hash="1711898770"/>
						<line number="190" hits="2" hash="1893089281"/>
						<line number="193" hits="2" hash="-2077415587"/>
						<line number="194" hits="2" hash="1177566536"/>
						<line number="195" hits="2" hash="-93621112"/>
						<line number="196" hits="2" hash="870483212"/>
						<line number="197" hits="0" hash="1374184202"/>
						<line number="198" hits="0" hash="-39900763"/>
						<line number="199" hits="0" hash="1187973065"/>
						<line number="200" hits="0" hash="1377679890"/>
						<line number="201" hits="0" hash="-431352746"/>
						<line number="202" hits="0" hash="579901811"/>
						<line number="203" hits="0" hash="851969431"/>
						<line number="205" hits="0" hash="81780861"/>
						<line number="207" hits="0" hash="410692666"/>
						<line number="210" hits="2" hash="-697233991"/>
						<line number="211" hits="2" hash="667363229"/>
						<line number="212" hits="2" hash="1192380243"/>
						<line number="213" hits="2" hash="70090313"/>
						<line number="214" hits="2" hash="-1421944091"/>
						<line number="215" hits="2" hash="-863422721"/>
						<line number="216" hits="2" hash="1747238247"/>
						<line number="217" hits="2" hash="1630859949"/>
						<line number="226" hits="2" hash="2050884171"/>
						<line number="229" hits="2" hash="847095163"/>
						<line number="230" hits="2" hash="387176502"/>
						<line number="231" hits="2" hash="-922555163"/>
						<line number="232" hits="2" hash="117934734"/>
						<line number="233" hits="2" hash="738758560"/>
						<line number="234" hits="2" hash="-436545865"/>
						<line number="235" hits="2" hash="-783950710"/>
						<line number="236" hits="2" hash="1683461604"/>
						<line number="237" hits="2" hash="1508372605"/>
						<line number="238" hits="2" hash="-2010944831"/>
						<line number="239" hits="2" hash="1766110055"/>
						<line number="240" hits="2" hash="1278961351"/>
						<line number="242" hits="2" hash="720401864"/>
						<line number="243" hits="2" hash="-1372665936"/>
						<line number="248" hits="0" hash="-1912681874"/>
						<line number="249" hits="0" hash="593603921"/>
						<line number="251" hits="0" hash="-2130623819"/>
						<line number="252" hits="0" hash="-581058345"/>
						<line number="255" hits="0" hash="1548206738"/>
						<line number="257" hits="0" hash="30537853"/>
						<line number="260" hits="0" hash="-705271030"/>
						<line number="261" hits="0" hash="-774794615"/>
						<line number="262" hits="0" hash="-2052903041"/>
						<line number="264" hits="0" hash="30537853"/>
					</lines>
				</class>
				<class filename="src/main/java/com/parasoft/bookstore/BookStoreMemoryDB.java" name="com.parasoft.bookstore.BookStoreMemoryDB" line-rate="0">
					<lines>
						<line number="9" hits="0" hash="-1026281555"/>
						<line number="23" hits="0" hash="-1165179393"/>
						<line number="25" hits="0" hash="30537853"/>
						<line number="33" hits="0" hash="811170298"/>
						<line number="34" hits="0" hash="1696312616"/>
						<line number="36" hits="0" hash="60966029"/>
					</lines>
				</class>
				<class filename="src/main/java/com/parasoft/bookstore/CartManager.java" name="com.parasoft.bookstore.CartManager" line-rate="0.666666666666666667">
					<lines>
						<line number="12" hits="1" hash="-1593727020"/>
						<line number="13" hits="1" hash="-1249645801"/>
						<line number="14" hits="1" hash="-1670877480"/>
						<line number="18" hits="2" hash="-913018062"/>
						<line number="20" hits="2" hash="30537853"/>
						<line number="22" hits="2" hash="436081356"/>
						<line number="23" hits="2" hash="88057868"/>
						<line number="24" hits="0" hash="270584381"/>
						<line number="27" hits="2" hash="-991894472"/>
						<line number="28" hits="2" hash="-577450089"/>
						<line number="29" hits="2" hash="30537853"/>
						<line number="32" hits="2" hash="2140257268"/>
						<line number="33" hits="2" hash="553498153"/>
						<line number="34" hits="2" hash="-342661100"/>
						<line number="35" hits="2" hash="30537853"/>
						<line number="39" hits="2" hash="1728274659"/>
						<line number="40" hits="2" hash="1295821238"/>
						<line number="41" hits="2" hash="-289930769"/>
						<line number="42" hits="2" hash="1778310801"/>
						<line number="43" hits="2" hash="-1091667651"/>
						<line number="44" hits="2" hash="-1182269299"/>
						<line number="45" hits="2" hash="1809346557"/>
						<line number="46" hits="2" hash="-1196726216"/>
						<line number="47" hits="2" hash="2145065216"/>
						<line number="48" hits="2" hash="911362722"/>
						<line number="49" hits="2" hash="153932444"/>
						<line number="51" hits="0" hash="1178724477"/>
						<line number="52" hits="0" hash="-1787000226"/>
						<line number="53" hits="0" hash="153601577"/>
						<line number="54" hits="0" hash="-1164822627"/>
						<line number="56" hits="0" hash="236072733"/>
						<line number="57" hits="1" hash="-1553859918"/>
						<line number="59" hits="0" hash="-1531336540"/>
						<line number="64" hits="1" hash="1728274659"/>
						<line number="65" hits="1" hash="1295821238"/>
						<line number="66" hits="1" hash="-289930769"/>
						<line number="67" hits="1" hash="1778310801"/>
						<line number="68" hits="1" hash="-1091667651"/>
						<line number="69" hits="1" hash="1251626574"/>
						<line number="70" hits="1" hash="-2059813314"/>
						<line number="71" hits="1" hash="-1517448092"/>
						<line number="72" hits="1" hash="-950188283"/>
						<line number="73" hits="1" hash="453875990"/>
						<line number="75" hits="1" hash="608431339"/>
						<line number="77" hits="0" hash="718845592"/>
						<line number="78" hits="0" hash="1723824735"/>
						<line number="79" hits="0" hash="775958429"/>
						<line number="81" hits="0" hash="1178724477"/>
						<line number="82" hits="0" hash="-1787000226"/>
						<line number="83" hits="0" hash="664119574"/>
						<line number="86" hits="0" hash="236072733"/>
						<line number="87" hits="0" hash="169057648"/>
						<line number="91" hits="0" hash="-1531336540"/>
						<line number="103" hits="1" hash="-2053821889"/>
						<line number="117" hits="2" hash="1728274659"/>
						<line number="118" hits="2" hash="391424173"/>
						<line number="120" hits="0" hash="-1984314819"/>
						<line number="125" hits="1" hash="1717055559"/>
						<line number="129" hits="1" hash="-864842045"/>
						<line number="130" hits="1" hash="1793973238"/>
						<line number="131" hits="1" hash="-1619308028"/>
						<line number="132" hits="0" hash="600116175"/>
						<line number="135" hits="1" hash="30537853"/>
						<line number="138" hits="0" hash="1743640209"/>
						<line number="139" hits="0" hash="1728274659"/>
						<line number="140" hits="0" hash="1471929991"/>
						<line number="141" hits="0" hash="-874125268"/>
						<line number="143" hits="0" hash="-461095447"/>
						<line number="147" hits="2" hash="32054824"/>
						<line number="148" hits="2" hash="30537853"/>
						<line number="151" hits="0" hash="-180025264"/>
						<line number="155" hits="2" hash="1508729224"/>
						<line number="156" hits="2" hash="30537853"/>
						<line number="159" hits="0" hash="-1533534099"/>
						<line number="163" hits="2" hash="1495482422"/>
					</lines>
				</class>
				<class filename="src/main/java/com/parasoft/bookstore/CartService.java" name="com.parasoft.bookstore.CartService" line-rate="0.575757575757575758">
					<lines>
						<line number="19" hits="2" hash="220751437"/>
						<line number="30" hits="2" hash="-1638669306"/>
						<line number="34" hits="1" hash="1072514014"/>
						<line number="35" hits="1" hash="-1048828384"/>
						<line number="36" hits="2" hash="-978466858"/>
						<line number="37" hits="2" hash="-1148284891"/>
						<line number="47" hits="2" hash="-1808100824"/>
						<line number="48" hits="1" hash="155154141"/>
						<line number="51" hits="2" hash="744743046"/>
						<line number="52" hits="2" hash="367634975"/>
						<line number="54" hits="2" hash="50489269"/>
						<line number="55" hits="2" hash="193095085"/>
						<line number="56" hits="2" hash="-941102967"/>
						<line number="59" hits="2" hash="274970365"/>
						<line number="70" hits="1" hash="-1808100824"/>
						<line number="71" hits="1" hash="-770009538"/>
						<line number="73" hits="1" hash="-708024893"/>
						<line number="74" hits="0" hash="169057648"/>
						<line number="78" hits="1" hash="-1719490452"/>
						<line number="79" hits="0" hash="-77084901"/>
						<line number="88" hits="0" hash="-1319750705"/>
						<line number="89" hits="0" hash="-1230623164"/>
						<line number="90" hits="0" hash="1556489284"/>
						<line number="91" hits="0" hash="1410249158"/>
						<line number="93" hits="0" hash="-575793215"/>
						<line number="102" hits="0" hash="2032108149"/>
						<line number="111" hits="0" hash="-943716205"/>
						<line number="113" hits="0" hash="630178244"/>
						<line number="114" hits="0" hash="100324464"/>
						<line number="115" hits="0" hash="1632347574"/>
						<line number="116" hits="0" hash="469794414"/>
						<line number="117" hits="0" hash="288540286"/>
						<line number="118" hits="0" hash="1508372605"/>
						<line number="119" hits="0" hash="-997335255"/>
						<line number="120" hits="0" hash="428985564"/>
						<line number="122" hits="0" hash="2128372881"/>
						<line number="124" hits="0" hash="-1542594686"/>
						<line number="133" hits="0" hash="-1344220987"/>
						<line number="134" hits="0" hash="1264033632"/>
						<line number="143" hits="2" hash="590985400"/>
						<line number="147" hits="1" hash="400855944"/>
						<line number="148" hits="1" hash="-814217498"/>
						<line number="149" hits="1" hash="-1833242865"/>
						<line number="150" hits="1" hash="-1091667651"/>
						<line number="151" hits="1" hash="-1687221004"/>
						<line number="152" hits="1" hash="-229520394"/>
						<line number="153" hits="1" hash="1736656025"/>
						<line number="155" hits="1" hash="-268952011"/>
						<line number="156" hits="1" hash="-1058698420"/>
						<line number="157" hits="0" hash="325385167"/>
						<line number="159" hits="1" hash="81780861"/>
						<line number="160" hits="1" hash="1178724477"/>
						<line number="161" hits="1" hash="-1926968454"/>
						<line number="162" hits="1" hash="1508372605"/>
						<line number="163" hits="1" hash="-273539495"/>
						<line number="164" hits="1" hash="-437402298"/>
						<line number="165" hits="1" hash="-840486866"/>
						<line number="166" hits="1" hash="-1091667651"/>
						<line number="167" hits="0" hash="-608847795"/>
						<line number="169" hits="0" hash="-699877047"/>
						<line number="170" hits="0" hash="-44330164"/>
						<line number="171" hits="0" hash="657337427"/>
						<line number="172" hits="0" hash="-903809322"/>
						<line number="174" hits="0" hash="1178724477"/>
						<line number="175" hits="1" hash="1508372605"/>
						<line number="176" hits="1" hash="30537853"/>
					</lines>
				</class>
				<class filename="src/main/java/com/parasoft/bookstore/CartTimer.java" name="com.parasoft.bookstore.CartTimer" line-rate="1">
					<lines>
						<line number="4" hits="1" hash="419201454"/>
						<line number="7" hits="1" hash="443952025"/>
						<line number="8" hits="1" hash="30537853"/>
					</lines>
				</class>
				<class filename="src/main/java/com/parasoft/bookstore/DB.java" name="com.parasoft.bookstore.DB" line-rate="0.647058823529411765">
					<lines>
						<line number="10" hits="1" hash="952103818"/>
						<line number="12" hits="1" hash="-708988026"/>
						<line number="15" hits="1" hash="-1264035144"/>
						<line number="17" hits="1" hash="2056205454"/>
						<line number="19" hits="1" hash="-535826610"/>
						<line number="21" hits="1" hash="-1878351164"/>
						<line number="23" hits="1" hash="-210322666"/>
						<line number="25" hits="1" hash="954943770"/>
						<line number="27" hits="1" hash="-1036429892"/>
						<line number="28" hits="1" hash="226796702"/>
						<line number="31" hits="1" hash="395766550"/>
						<line number="32" hits="1" hash="836730079"/>
						<line number="34" hits="0" hash="787925825"/>
						<line number="39" hits="1" hash="1972236891"/>
						<line number="40" hits="1" hash="1323407646"/>
						<line number="41" hits="1" hash="1298890309"/>
						<line number="42" hits="1" hash="-2050387408"/>
						<line number="43" hits="1" hash="30537853"/>
						<line number="46" hits="0" hash="-682387598"/>
						<line number="47" hits="0" hash="30537853"/>
						<line number="50" hits="1" hash="920443496"/>
						<line number="51" hits="1" hash="-1446650556"/>
						<line number="53" hits="1" hash="30537853"/>
						<line number="61" hits="0" hash="-1844170896"/>
						<line number="62" hits="0" hash="237995890"/>
						<line number="64" hits="0" hash="-1918001484"/>
						<line number="65" hits="0" hash="-886914791"/>
						<line number="67" hits="0" hash="-1873112951"/>
						<line number="68" hits="0" hash="1508372605"/>
						<line number="69" hits="0" hash="30537853"/>
						<line number="72" hits="0" hash="-1503523283"/>
						<line number="76" hits="2" hash="-109888183"/>
						<line number="86" hits="0" hash="2080246042"/>
						<line number="91" hits="2" hash="1991237239"/>
					</lines>
				</class>
				<class filename="src/main/java/com/parasoft/bookstore/DisplayOrder.java" name="com.parasoft.bookstore.DisplayOrder" line-rate="0.5">
					<lines>
						<line number="7" hits="0" hash="1908279231"/>
						<line number="9" hits="0" hash="30537853"/>
						<line number="11" hits="2" hash="841934061"/>
						<line number="12" hits="2" hash="1226348125"/>
						<line number="13" hits="2" hash="32054824"/>
						<line number="14" hits="2" hash="30537853"/>
						<line number="17" hits="2" hash="-1535990632"/>
						<line number="21" hits="0" hash="1050897192"/>
						<line number="22" hits="0" hash="30537853"/>
						<line number="25" hits="2" hash="-180025264"/>
						<line number="29" hits="0" hash="32054824"/>
						<line number="30" hits="0" hash="30537853"/>
					</lines>
				</class>
				<class filename="src/main/java/com/parasoft/bookstore/Item.java" name="com.parasoft.bookstore.Item" line-rate="0.363636363636363636">
					<lines>
						<line number="16" hits="0" hash="53261990"/>
						<line number="18" hits="0" hash="30537853"/>
						<line number="21" hits="2" hash="1517488629"/>
						<line number="22" hits="2" hash="-1284341208"/>
						<line number="23" hits="2" hash="-1573855323"/>
						<line number="24" hits="2" hash="1981811612"/>
						<line number="25" hits="2" hash="1506798973"/>
						<line number="26" hits="2" hash="30537853"/>
						<line number="29" hits="0" hash="-65860141"/>
						<line number="33" hits="0" hash="838995006"/>
						<line number="34" hits="0" hash="30537853"/>
						<line number="37" hits="2" hash="60970896"/>
						<line number="41" hits="0" hash="-1284341208"/>
						<line number="42" hits="0" hash="30537853"/>
						<line number="45" hits="2" hash="-1618795909"/>
						<line number="49" hits="0" hash="-489391858"/>
						<line number="50" hits="0" hash="30537853"/>
						<line number="53" hits="0" hash="-172401406"/>
						<line number="57" hits="0" hash="1981811612"/>
						<line number="58" hits="0" hash="30537853"/>
						<line number="61" hits="0" hash="635441014"/>
						<line number="62" hits="0" hash="30537853"/>
					</lines>
				</class>
				<class filename="src/main/java/com/parasoft/bookstore/ItemNotFoundException.java" name="com.parasoft.bookstore.ItemNotFoundException" line-rate="0">
					<lines>
						<line number="9" hits="0" hash="130957446"/>
						<line number="10" hits="0" hash="30537853"/>
					</lines>
				</class>
				<class filename="src/main/java/com/parasoft/bookstore/KeystorePasswordCallback.java" name="com.parasoft.bookstore.KeystorePasswordCallback" line-rate="0">
					<lines>
						<line number="11" hits="0" hash="-864603865"/>
						<line number="12" hits="0" hash="-1579893534"/>
						<line number="13" hits="0" hash="1039248428"/>
						<line number="17" hits="0" hash="-975697518"/>
						<line number="19" hits="0" hash="-1373172223"/>
						<line number="20" hits="0" hash="-1715390291"/>
						<line number="21" hits="0" hash="655607080"/>
						<line number="24" hits="0" hash="30537853"/>
					</lines>
				</class>
				<class filename="src/main/java/com/parasoft/bookstore/Order.java" name="com.parasoft.bookstore.Order" line-rate="0.666666666666666667">
					<lines>
						<line number="9" hits="0" hash="1833270111"/>
						<line number="10" hits="0" hash="30537853"/>
						<line number="12" hits="2" hash="2012604415"/>
						<line number="13" hits="2" hash="-2109657112"/>
						<line number="14" hits="2" hash="-1105187288"/>
						<line number="15" hits="2" hash="-1557795390"/>
						<line number="16" hits="2" hash="30537853"/>
						<line number="19" hits="2" hash="-1542594686"/>
						<line number="23" hits="0" hash="-2109657112"/>
						<line number="24" hits="0" hash="30537853"/>
						<line number="27" hits="2" hash="1716773408"/>
						<line number="31" hits="0" hash="-1105187288"/>
						<line number="32" hits="0" hash="30537853"/>
						<line number="35" hits="2" hash="-127797014"/>
						<line number="36" hits="2" hash="30537853"/>
						<line number="39" hits="1" hash="1327687381"/>
						<line number="43" hits="2" hash="-601322144"/>
						<line number="44" hits="2" hash="30537853"/>
					</lines>
				</class>
				<class filename="src/main/java/com/parasoft/bookstore/SecureCartService.java" name="com.parasoft.bookstore.SecureCartService" line-rate="0">
					<lines>
						<line number="15" hits="0" hash="722250696"/>
						<line number="22" hits="0" hash="-1319750705"/>
						<line number="23" hits="0" hash="420585516"/>
						<line number="24" hits="0" hash="1556489284"/>
						<line number="25" hits="0" hash="1410249158"/>
						<line number="27" hits="0" hash="-575793215"/>
						<line number="36" hits="0" hash="-153727563"/>
						<line number="55" hits="0" hash="-1037517340"/>
						<line number="56" hits="0" hash="1893089281"/>
						<line number="59" hits="0" hash="979456176"/>
						<line number="60" hits="0" hash="-1228591611"/>
						<line number="61" hits="0" hash="720401864"/>
						<line number="62" hits="0" hash="-575793215"/>
					</lines>
				</class>
				<class filename="src/main/java/com/parasoft/bookstore/SubmittedOrder.java" name="com.parasoft.bookstore.SubmittedOrder" line-rate="0">
					<lines>
						<line number="9" hits="0" hash="977307110"/>
						<line number="11" hits="0" hash="30537853"/>
						<line number="13" hits="0" hash="1348145801"/>
						<line number="14" hits="0" hash="1549005768"/>
						<line number="15" hits="0" hash="1498869508"/>
						<line number="16" hits="0" hash="30537853"/>
						<line number="19" hits="0" hash="-1190317176"/>
						<line number="20" hits="0" hash="30537853"/>
						<line number="23" hits="0" hash="-1541160099"/>
						<line number="27" hits="0" hash="1549005768"/>
						<line number="28" hits="0" hash="30537853"/>
						<line number="31" hits="0" hash="1702813055"/>
					</lines>
				</class>
				<class filename="src/main/java/com/parasoft/bookstore/TempBook.java" name="com.parasoft.bookstore.TempBook" line-rate="0">
					<lines>
						<line number="7" hits="0" hash="523000816"/>
						<line number="9" hits="0" hash="30537853"/>
						<line number="11" hits="0" hash="1413806034"/>
						<line number="12" hits="0" hash="-2109657112"/>
						<line number="13" hits="0" hash="-1557795390"/>
						<line number="14" hits="0" hash="30537853"/>
						<line number="17" hits="0" hash="1327687381"/>
						<line number="21" hits="0" hash="-1557795390"/>
						<line number="22" hits="0" hash="30537853"/>
						<line number="25" hits="0" hash="-1542594686"/>
						<line number="29" hits="0" hash="-2109657112"/>
						<line number="30" hits="0" hash="30537853"/>
						<line number="33" hits="0" hash="-601322144"/>
						<line number="34" hits="0" hash="30537853"/>
					</lines>
				</class>
				<class filename="src/main/java/com/parasoft/bookstore/UsernameTokenPasswordCallback.java" name="com.parasoft.bookstore.UsernameTokenPasswordCallback" line-rate="0">
					<lines>
						<line number="11" hits="0" hash="-297716084"/>
						<line number="12" hits="0" hash="-1579893534"/>
						<line number="13" hits="0" hash="683168573"/>
						<line number="14" hits="0" hash="-1843936520"/>
						<line number="15" hits="0" hash="-294703469"/>
						<line number="16" hits="0" hash="332707141"/>
						<line number="17" hits="0" hash="2068277130"/>
						<line number="21" hits="0" hash="-975697518"/>
						<line number="23" hits="0" hash="-1373172223"/>
						<line number="24" hits="0" hash="-1715390291"/>
						<line number="25" hits="0" hash="655607080"/>
						<line number="26" hits="0" hash="-1983241761"/>
						<line number="27" hits="0" hash="-1151008850"/>
						<line number="28" hits="0" hash="-1632441824"/>
						<line number="29" hits="0" hash="-1151007889"/>
						<line number="32" hits="0" hash="30537853"/>
					</lines>
				</class>
			</classes>
		</package>
		<package name="com.parasoft.bookstore2" line-rate="0.4413793103448276">
			<classes>
				<class filename="src/main/java/com/parasoft/bookstore2/Book.java" name="com.parasoft.bookstore2.Book" line-rate="0.297297297297297297">
					<lines>
						<line number="21" hits="0" hash="880384892"/>
						<line number="23" hits="0" hash="30537853"/>
						<line number="28" hits="2" hash="30537851"/>
						<line number="29" hits="2" hash="-1175267632"/>
						<line number="30" hits="2" hash="1629901960"/>
						<line number="31" hits="2" hash="947585960"/>
						<line number="32" hits="2" hash="-278106436"/>
						<line number="33" hits="2" hash="783505822"/>
						<line number="34" hits="2" hash="-100516234"/>
						<line number="35" hits="2" hash="78451894"/>
						<line number="37" hits="2" hash="30537853"/>
						<line number="40" hits="0" hash="-1536023275"/>
						<line number="44" hits="0" hash="1629901960"/>
						<line number="45" hits="0" hash="30537853"/>
						<line number="48" hits="0" hash="-441906168"/>
						<line number="52" hits="0" hash="947585960"/>
						<line number="53" hits="0" hash="30537853"/>
						<line number="56" hits="0" hash="1825136522"/>
						<line number="60" hits="0" hash="384100840"/>
						<line number="61" hits="0" hash="30537853"/>
						<line number="64" hits="0" hash="1085959343"/>
						<line number="68" hits="0" hash="78451894"/>
						<line number="69" hits="0" hash="30537853"/>
						<line number="72" hits="0" hash="141058531"/>
						<line number="76" hits="0" hash="783505822"/>
						<line number="77" hits="0" hash="30537853"/>
						<line number="80" hits="1" hash="1538624175"/>
						<line number="84" hits="0" hash="-100516234"/>
						<line number="85" hits="0" hash="30537853"/>
						<line number="88" hits="0" hash="1327687381"/>
						<line number="92" hits="0" hash="-601322144"/>
						<line number="93" hits="0" hash="30537853"/>
						<line number="96" hits="2" hash="1999190556"/>
						<line number="100" hits="0" hash="-1175267632"/>
						<line number="101" hits="0" hash="30537853"/>
						<line number="104" hits="0" hash="-1632073525"/>
						<line number="105" hits="0" hash="30537853"/>
					</lines>
				</class>
				<class filename="src/main/java/com/parasoft/bookstore2/BookStoreDB.java" name="com.parasoft.bookstore2.BookStoreDB" line-rate="0.348623853211009174">
					<lines>
						<line number="31" hits="1" hash="446938350"/>
						<line number="41" hits="1" hash="-1165179393"/>
						<line number="42" hits="1" hash="30537853"/>
						<line number="50" hits="2" hash="811170298"/>
						<line number="51" hits="1" hash="-626280599"/>
						<line number="52" hits="2" hash="-397449914"/>
						<line number="53" hits="0" hash="1521574304"/>
						<line number="55" hits="2" hash="60966029"/>
						<line number="69" hits="0" hash="-153727563"/>
						<line number="90" hits="0" hash="1388981580"/>
						<line number="91" hits="0" hash="1893089281"/>
						<line number="94" hits="0" hash="979456176"/>
						<line number="95" hits="0" hash="1177566536"/>
						<line number="96" hits="0" hash="689797161"/>
						<line number="97" hits="0" hash="-1578556584"/>
						<line number="99" hits="0" hash="-637464543"/>
						<line number="112" hits="0" hash="1840063024"/>
						<line number="113" hits="0" hash="-2032639243"/>
						<line number="114" hits="0" hash="1108612537"/>
						<line number="115" hits="0" hash="443805555"/>
						<line number="116" hits="0" hash="919089053"/>
						<line number="117" hits="0" hash="-847687853"/>
						<line number="118" hits="0" hash="219772489"/>
						<line number="119" hits="0" hash="1492378341"/>
						<line number="120" hits="0" hash="706387084"/>
						<line number="121" hits="0" hash="-292829849"/>
						<line number="123" hits="0" hash="-133432757"/>
						<line number="126" hits="0" hash="-331046962"/>
						<line number="127" hits="0" hash="348180725"/>
						<line number="128" hits="0" hash="533844022"/>
						<line number="129" hits="0" hash="-1871885549"/>
						<line number="130" hits="0" hash="1508283022"/>
						<line number="132" hits="0" hash="-219810162"/>
						<line number="133" hits="0" hash="-1817190729"/>
						<line number="134" hits="0" hash="-1825250166"/>
						<line number="135" hits="0" hash="472161270"/>
						<line number="136" hits="0" hash="1178724477"/>
						<line number="138" hits="0" hash="-2044314442"/>
						<line number="140" hits="0" hash="-1646597656"/>
						<line number="141" hits="0" hash="891380400"/>
						<line number="144" hits="0" hash="1970791073"/>
						<line number="145" hits="0" hash="-1620196749"/>
						<line number="146" hits="0" hash="-1501048314"/>
						<line number="147" hits="0" hash="791562544"/>
						<line number="148" hits="0" hash="1508372605"/>
						<line number="150" hits="0" hash="-705271030"/>
						<line number="151" hits="0" hash="-1003802203"/>
						<line number="152" hits="0" hash="-202375223"/>
						<line number="153" hits="0" hash="369275410"/>
						<line number="154" hits="0" hash="-1655144243"/>
						<line number="155" hits="0" hash="1661644731"/>
						<line number="157" hits="0" hash="1178724477"/>
						<line number="160" hits="0" hash="710518662"/>
						<line number="162" hits="0" hash="23428678"/>
						<line number="163" hits="0" hash="1190664816"/>
						<line number="166" hits="0" hash="720401864"/>
						<line number="168" hits="0" hash="-2130658743"/>
						<line number="169" hits="0" hash="1042829605"/>
						<line number="172" hits="0" hash="211569169"/>
						<line number="182" hits="2" hash="1388981580"/>
						<line number="183" hits="2" hash="1711898770"/>
						<line number="200" hits="2" hash="1893089281"/>
						<line number="203" hits="2" hash="-2077415587"/>
						<line number="204" hits="2" hash="1177566536"/>
						<line number="205" hits="2" hash="-93621112"/>
						<line number="206" hits="2" hash="870483212"/>
						<line number="207" hits="0" hash="1374184202"/>
						<line number="208" hits="0" hash="-39900763"/>
						<line number="209" hits="0" hash="1187973065"/>
						<line number="210" hits="0" hash="1377679890"/>
						<line number="211" hits="0" hash="1255012638"/>
						<line number="212" hits="0" hash="579901811"/>
						<line number="213" hits="0" hash="851969431"/>
						<line number="215" hits="0" hash="81780861"/>
						<line number="217" hits="0" hash="410692666"/>
						<line number="220" hits="2" hash="-697233991"/>
						<line number="221" hits="2" hash="667363229"/>
						<line number="222" hits="2" hash="192079731"/>
						<line number="223" hits="2" hash="1192380243"/>
						<line number="224" hits="2" hash="70090313"/>
						<line number="225" hits="2" hash="-1421944091"/>
						<line number="226" hits="2" hash="-1670208372"/>
						<line number="227" hits="2" hash="1747238247"/>
						<line number="228" hits="2" hash="1630859949"/>
						<line number="237" hits="2" hash="2050884171"/>
						<line number="240" hits="2" hash="847095163"/>
						<line number="241" hits="2" hash="387176502"/>
						<line number="242" hits="2" hash="-922555163"/>
						<line number="243" hits="2" hash="117934734"/>
						<line number="244" hits="2" hash="738758560"/>
						<line number="245" hits="2" hash="-436545865"/>
						<line number="246" hits="2" hash="-783950710"/>
						<line number="247" hits="2" hash="1683461604"/>
						<line number="248" hits="2" hash="1508372605"/>
						<line number="249" hits="2" hash="-2010944831"/>
						<line number="250" hits="2" hash="1766110055"/>
						<line number="251" hits="2" hash="1278961351"/>
						<line number="253" hits="2" hash="720401864"/>
						<line number="254" hits="2" hash="-1908302954"/>
						<line number="259" hits="0" hash="-1912681874"/>
						<line number="260" hits="0" hash="593603921"/>
						<line number="262" hits="0" hash="-2130623819"/>
						<line number="263" hits="0" hash="-581058345"/>
						<line number="266" hits="0" hash="-644965176"/>
						<line number="268" hits="0" hash="30537853"/>
						<line number="271" hits="0" hash="-705271030"/>
						<line number="272" hits="0" hash="-774794615"/>
						<line number="273" hits="0" hash="1591184579"/>
						<line number="275" hits="0" hash="30537853"/>
					</lines>
				</class>
				<class filename="src/main/java/com/parasoft/bookstore2/BookStoreMemoryDB.java" name="com.parasoft.bookstore2.BookStoreMemoryDB" line-rate="0">
					<lines>
						<line number="9" hits="0" hash="-1026281555"/>
						<line number="23" hits="0" hash="-1165179393"/>
						<line number="25" hits="0" hash="30537853"/>
						<line number="33" hits="0" hash="811170298"/>
						<line number="34" hits="0" hash="1696312616"/>
						<line number="36" hits="0" hash="60966029"/>
					</lines>
				</class>
				<class filename="src/main/java/com/parasoft/bookstore2/CartManager.java" name="com.parasoft.bookstore2.CartManager" line-rate="0.666666666666666667">
					<lines>
						<line number="12" hits="1" hash="-1593727020"/>
						<line number="13" hits="1" hash="-1249645801"/>
						<line number="14" hits="1" hash="-1670877480"/>
						<line number="18" hits="2" hash="-913018062"/>
						<line number="20" hits="2" hash="30537853"/>
						<line number="22" hits="2" hash="436081356"/>
						<line number="23" hits="2" hash="88057868"/>
						<line number="24" hits="0" hash="270584381"/>
						<line number="27" hits="2" hash="-991894472"/>
						<line number="28" hits="2" hash="-577450089"/>
						<line number="29" hits="2" hash="30537853"/>
						<line number="32" hits="2" hash="2140257268"/>
						<line number="33" hits="2" hash="553498153"/>
						<line number="34" hits="2" hash="-342661100"/>
						<line number="35" hits="2" hash="30537853"/>
						<line number="39" hits="2" hash="1728274659"/>
						<line number="40" hits="2" hash="1295821238"/>
						<line number="41" hits="2" hash="-289930769"/>
						<line number="42" hits="2" hash="1778310801"/>
						<line number="43" hits="2" hash="-1091667651"/>
						<line number="44" hits="2" hash="-1182269299"/>
						<line number="45" hits="2" hash="1809346557"/>
						<line number="46" hits="2" hash="2127607602"/>
						<line number="47" hits="2" hash="2145065216"/>
						<line number="48" hits="2" hash="911362722"/>
						<line number="49" hits="2" hash="153932444"/>
						<line number="51" hits="0" hash="1178724477"/>
						<line number="52" hits="0" hash="-1787000226"/>
						<line number="53" hits="0" hash="153601577"/>
						<line number="54" hits="0" hash="-1164822627"/>
						<line number="56" hits="0" hash="236072733"/>
						<line number="57" hits="1" hash="-1553859918"/>
						<line number="59" hits="0" hash="-1531336540"/>
						<line number="64" hits="1" hash="1728274659"/>
						<line number="65" hits="1" hash="1295821238"/>
						<line number="66" hits="1" hash="-289930769"/>
						<line number="67" hits="1" hash="1778310801"/>
						<line number="68" hits="1" hash="-1091667651"/>
						<line number="69" hits="1" hash="1251626574"/>
						<line number="70" hits="1" hash="-2059813314"/>
						<line number="71" hits="1" hash="-1905785434"/>
						<line number="72" hits="1" hash="992055397"/>
						<line number="73" hits="1" hash="453875990"/>
						<line number="75" hits="1" hash="558769559"/>
						<line number="77" hits="0" hash="718845592"/>
						<line number="78" hits="0" hash="1723824735"/>
						<line number="79" hits="0" hash="775958429"/>
						<line number="81" hits="0" hash="1178724477"/>
						<line number="82" hits="0" hash="-1787000226"/>
						<line number="83" hits="0" hash="664119574"/>
						<line number="86" hits="0" hash="236072733"/>
						<line number="87" hits="0" hash="169057648"/>
						<line number="91" hits="0" hash="-1531336540"/>
						<line number="103" hits="1" hash="-2053821889"/>
						<line number="117" hits="2" hash="1728274659"/>
						<line number="118" hits="2" hash="391424173"/>
						<line number="120" hits="0" hash="-1984314819"/>
						<line number="125" hits="1" hash="1717055559"/>
						<line number="129" hits="1" hash="-864842045"/>
						<line number="130" hits="1" hash="1793973238"/>
						<line number="131" hits="1" hash="-1619308028"/>
						<line number="132" hits="0" hash="600116175"/>
						<line number="135" hits="1" hash="30537853"/>
						<line number="138" hits="0" hash="1743640209"/>
						<line number="139" hits="0" hash="1728274659"/>
						<line number="140" hits="0" hash="1471929991"/>
						<line number="141" hits="0" hash="-874125268"/>
						<line number="143" hits="0" hash="-461095447"/>
						<line number="147" hits="2" hash="32054824"/>
						<line number="148" hits="2" hash="30537853"/>
						<line number="151" hits="0" hash="-180025264"/>
						<line number="155" hits="2" hash="1508729224"/>
						<line number="156" hits="2" hash="30537853"/>
						<line number="159" hits="0" hash="-1533534099"/>
						<line number="163" hits="2" hash="1495482422"/>
					</lines>
				</class>
				<class filename="src/main/java/com/parasoft/bookstore2/CartService.java" name="com.parasoft.bookstore2.CartService" line-rate="0.575757575757575758">
					<lines>
						<line number="19" hits="2" hash="220751437"/>
						<line number="21" hits="1" hash="1072514014"/>
						<line number="22" hits="1" hash="-1048828384"/>
						<line number="23" hits="2" hash="-978466858"/>
						<line number="24" hits="2" hash="-1314301648"/>
						<line number="36" hits="2" hash="-1638669306"/>
						<line number="47" hits="2" hash="-1808100824"/>
						<line number="48" hits="1" hash="155154141"/>
						<line number="51" hits="2" hash="744743046"/>
						<line number="52" hits="2" hash="367634975"/>
						<line number="54" hits="2" hash="50489269"/>
						<line number="55" hits="2" hash="193095085"/>
						<line number="56" hits="2" hash="-941102967"/>
						<line number="59" hits="2" hash="274970365"/>
						<line number="70" hits="1" hash="-1808100824"/>
						<line number="71" hits="1" hash="-770009538"/>
						<line number="73" hits="1" hash="-708024893"/>
						<line number="74" hits="0" hash="169057648"/>
						<line number="78" hits="1" hash="-1719490452"/>
						<line number="79" hits="0" hash="-77084901"/>
						<line number="88" hits="0" hash="-1319750705"/>
						<line number="89" hits="0" hash="-1230623164"/>
						<line number="90" hits="0" hash="1556489284"/>
						<line number="91" hits="0" hash="1410249158"/>
						<line number="93" hits="0" hash="-575793215"/>
						<line number="102" hits="0" hash="2032108149"/>
						<line number="112" hits="0" hash="-943716205"/>
						<line number="114" hits="0" hash="428797100"/>
						<line number="115" hits="0" hash="100324464"/>
						<line number="116" hits="0" hash="1632347574"/>
						<line number="117" hits="0" hash="-1191220178"/>
						<line number="118" hits="0" hash="288540286"/>
						<line number="119" hits="0" hash="1508372605"/>
						<line number="120" hits="0" hash="-997335255"/>
						<line number="121" hits="0" hash="-915323496"/>
						<line number="123" hits="0" hash="1204523345"/>
						<line number="125" hits="0" hash="-1542594686"/>
						<line number="134" hits="0" hash="-1344220987"/>
						<line number="135" hits="0" hash="1264033632"/>
						<line number="144" hits="2" hash="590985400"/>
						<line number="148" hits="1" hash="400855944"/>
						<line number="149" hits="1" hash="-814217498"/>
						<line number="150" hits="1" hash="-1833242865"/>
						<line number="151" hits="1" hash="-1091667651"/>
						<line number="152" hits="1" hash="-1687221004"/>
						<line number="153" hits="1" hash="-229520394"/>
						<line number="154" hits="1" hash="1736656025"/>
						<line number="156" hits="1" hash="-268952011"/>
						<line number="157" hits="1" hash="-1058698420"/>
						<line number="158" hits="0" hash="325385167"/>
						<line number="160" hits="1" hash="81780861"/>
						<line number="161" hits="1" hash="1178724477"/>
						<line number="162" hits="1" hash="-1926968454"/>
						<line number="163" hits="1" hash="1508372605"/>
						<line number="164" hits="1" hash="-273539495"/>
						<line number="165" hits="1" hash="-437402298"/>
						<line number="166" hits="1" hash="-840486866"/>
						<line number="167" hits="1" hash="-1091667651"/>
						<line number="168" hits="0" hash="-608847795"/>
						<line number="170" hits="0" hash="-699877047"/>
						<line number="171" hits="0" hash="-44330164"/>
						<line number="172" hits="0" hash="657337427"/>
						<line number="173" hits="0" hash="-903809322"/>
						<line number="175" hits="0" hash="1178724477"/>
						<line number="176" hits="1" hash="1508372605"/>
						<line number="177" hits="1" hash="30537853"/>
					</lines>
				</class>
				<class filename="src/main/java/com/parasoft/bookstore2/CartTimer.java" name="com.parasoft.bookstore2.CartTimer" line-rate="1">
					<lines>
						<line number="5" hits="1" hash="266552196"/>
						<line number="8" hits="1" hash="443952025"/>
						<line number="9" hits="1" hash="30537853"/>
					</lines>
				</class>
				<class filename="src/main/java/com/parasoft/bookstore2/DB.java" name="com.parasoft.bookstore2.DB" line-rate="0.636363636363636364">
					<lines>
						<line number="11" hits="1" hash="952103818"/>
						<line number="13" hits="1" hash="-708988026"/>
						<line number="16" hits="1" hash="-1264035144"/>
						<line number="18" hits="1" hash="2056205454"/>
						<line number="20" hits="1" hash="-535826610"/>
						<line number="22" hits="1" hash="-1878351164"/>
						<line number="24" hits="1" hash="-210322666"/>
						<line number="26" hits="1" hash="954943770"/>
						<line number="28" hits="1" hash="-1036429892"/>
						<line number="29" hits="1" hash="226796702"/>
						<line number="32" hits="1" hash="395766550"/>
						<line number="33" hits="1" hash="836730079"/>
						<line number="35" hits="0" hash="787925825"/>
						<line number="40" hits="1" hash="1972236891"/>
						<line number="41" hits="1" hash="766414025"/>
						<line number="42" hits="1" hash="-2050387408"/>
						<line number="43" hits="1" hash="30537853"/>
						<line number="46" hits="0" hash="-682387598"/>
						<line number="47" hits="0" hash="30537853"/>
						<line number="50" hits="1" hash="920443496"/>
						<line number="51" hits="1" hash="-1446650556"/>
						<line number="53" hits="1" hash="30537853"/>
						<line number="61" hits="0" hash="-1844170896"/>
						<line number="62" hits="0" hash="237995890"/>
						<line number="64" hits="0" hash="-1918001484"/>
						<line number="65" hits="0" hash="-886914791"/>
						<line number="67" hits="0" hash="-1873112951"/>
						<line number="68" hits="0" hash="1508372605"/>
						<line number="69" hits="0" hash="30537853"/>
						<line number="72" hits="0" hash="-1503523283"/>
						<line number="76" hits="2" hash="-109888183"/>
						<line number="86" hits="0" hash="2080246042"/>
						<line number="91" hits="2" hash="1991237239"/>
					</lines>
				</class>
				<class filename="src/main/java/com/parasoft/bookstore2/DisplayOrder.java" name="com.parasoft.bookstore2.DisplayOrder" line-rate="0.5">
					<lines>
						<line number="7" hits="0" hash="1908279231"/>
						<line number="9" hits="0" hash="30537853"/>
						<line number="11" hits="2" hash="841934061"/>
						<line number="12" hits="2" hash="1226348125"/>
						<line number="13" hits="2" hash="32054824"/>
						<line number="14" hits="2" hash="30537853"/>
						<line number="17" hits="2" hash="-1535990632"/>
						<line number="21" hits="0" hash="1050897192"/>
						<line number="22" hits="0" hash="30537853"/>
						<line number="25" hits="2" hash="-180025264"/>
						<line number="29" hits="0" hash="32054824"/>
						<line number="30" hits="0" hash="30537853"/>
					</lines>
				</class>
				<class filename="src/main/java/com/parasoft/bookstore2/ItemNotFoundException.java" name="com.parasoft.bookstore2.ItemNotFoundException" line-rate="0">
					<lines>
						<line number="9" hits="0" hash="130957446"/>
						<line number="10" hits="0" hash="30537853"/>
					</lines>
				</class>
				<class filename="src/main/java/com/parasoft/bookstore2/KeystorePasswordCallback.java" name="com.parasoft.bookstore2.KeystorePasswordCallback" line-rate="0">
					<lines>
						<line number="11" hits="0" hash="-864603865"/>
						<line number="12" hits="0" hash="-1579893534"/>
						<line number="13" hits="0" hash="1039248428"/>
						<line number="17" hits="0" hash="-975697518"/>
						<line number="19" hits="0" hash="-1373172223"/>
						<line number="20" hits="0" hash="-1715390291"/>
						<line number="21" hits="0" hash="655607080"/>
						<line number="24" hits="0" hash="30537853"/>
					</lines>
				</class>
				<class filename="src/main/java/com/parasoft/bookstore2/Order.java" name="com.parasoft.bookstore2.Order" line-rate="0.894736842105263158">
					<lines>
						<line number="11" hits="1" hash="1833270111"/>
						<line number="12" hits="1" hash="30537853"/>
						<line number="14" hits="3" hash="2012604415"/>
						<line number="15" hits="3" hash="-2109657112"/>
						<line number="16" hits="3" hash="-1105187288"/>
						<line number="17" hits="3" hash="-1557795390"/>
						<line number="18" hits="3" hash="30537853"/>
						<line number="21" hits="2" hash="-1542594686"/>
						<line number="25" hits="1" hash="-2109657112"/>
						<line number="26" hits="1" hash="30537853"/>
						<line number="29" hits="2" hash="1716773408"/>
						<line number="33" hits="0" hash="-1105187288"/>
						<line number="34" hits="0" hash="30537853"/>
						<line number="37" hits="2" hash="-127797014"/>
						<line number="38" hits="2" hash="30537853"/>
						<line number="41" hits="1" hash="1327687381"/>
						<line number="45" hits="2" hash="-601322144"/>
						<line number="46" hits="2" hash="30537853"/>
						<line number="49" hits="1" hash="1215721777"/>
					</lines>
				</class>
				<class filename="src/main/java/com/parasoft/bookstore2/ProductInfo.java" name="com.parasoft.bookstore2.ProductInfo" line-rate="0.347826086956521739">
					<lines>
						<line number="17" hits="0" hash="1869822210"/>
						<line number="19" hits="0" hash="30537853"/>
						<line number="22" hits="2" hash="1517488629"/>
						<line number="23" hits="2" hash="-1284341208"/>
						<line number="24" hits="2" hash="-1573855323"/>
						<line number="25" hits="2" hash="-747338360"/>
						<line number="26" hits="2" hash="1506798973"/>
						<line number="27" hits="2" hash="30537853"/>
						<line number="30" hits="0" hash="-65860141"/>
						<line number="34" hits="0" hash="838995006"/>
						<line number="35" hits="0" hash="30537853"/>
						<line number="38" hits="2" hash="60970896"/>
						<line number="42" hits="0" hash="-1284341208"/>
						<line number="43" hits="0" hash="30537853"/>
						<line number="46" hits="2" hash="-1618795909"/>
						<line number="50" hits="0" hash="-489391858"/>
						<line number="51" hits="0" hash="30537853"/>
						<line number="54" hits="0" hash="-1614187533"/>
						<line number="58" hits="0" hash="-747338360"/>
						<line number="59" hits="0" hash="30537853"/>
						<line number="62" hits="0" hash="1408573347"/>
						<line number="63" hits="0" hash="30537853"/>
						<line number="67" hits="0" hash="-65860141"/>
					</lines>
				</class>
				<class filename="src/main/java/com/parasoft/bookstore2/SubmittedOrder.java" name="com.parasoft.bookstore2.SubmittedOrder" line-rate="0">
					<lines>
						<line number="9" hits="0" hash="977307110"/>
						<line number="11" hits="0" hash="30537853"/>
						<line number="13" hits="0" hash="1348145801"/>
						<line number="14" hits="0" hash="1549005768"/>
						<line number="15" hits="0" hash="1498869508"/>
						<line number="16" hits="0" hash="30537853"/>
						<line number="19" hits="0" hash="-1190317176"/>
						<line number="20" hits="0" hash="30537853"/>
						<line number="23" hits="0" hash="-1541160099"/>
						<line number="27" hits="0" hash="1549005768"/>
						<line number="28" hits="0" hash="30537853"/>
						<line number="31" hits="0" hash="1702813055"/>
					</lines>
				</class>
				<class filename="src/main/java/com/parasoft/bookstore2/TempBook.java" name="com.parasoft.bookstore2.TempBook" line-rate="0">
					<lines>
						<line number="7" hits="0" hash="523000816"/>
						<line number="9" hits="0" hash="30537853"/>
						<line number="11" hits="0" hash="1413806034"/>
						<line number="12" hits="0" hash="-2109657112"/>
						<line number="13" hits="0" hash="-1557795390"/>
						<line number="14" hits="0" hash="30537853"/>
						<line number="17" hits="0" hash="1327687381"/>
						<line number="21" hits="0" hash="-1557795390"/>
						<line number="22" hits="0" hash="30537853"/>
						<line number="25" hits="0" hash="-1542594686"/>
						<line number="29" hits="0" hash="-2109657112"/>
						<line number="30" hits="0" hash="30537853"/>
						<line number="33" hits="0" hash="-601322144"/>
						<line number="34" hits="0" hash="30537853"/>
					</lines>
				</class>
				<class filename="src/main/java/com/parasoft/bookstore2/UsernameTokenPasswordCallback.java" name="com.parasoft.bookstore2.UsernameTokenPasswordCallback" line-rate="0">
					<lines>
						<line number="11" hits="0" hash="-297716084"/>
						<line number="12" hits="0" hash="-1579893534"/>
						<line number="13" hits="0" hash="683168573"/>
						<line number="14" hits="0" hash="-1843936520"/>
						<line number="15" hits="0" hash="-294703469"/>
						<line number="16" hits="0" hash="332707141"/>
						<line number="17" hits="0" hash="2068277130"/>
						<line number="21" hits="0" hash="-975697518"/>
						<line number="23" hits="0" hash="-1373172223"/>
						<line number="24" hits="0" hash="-1715390291"/>
						<line number="25" hits="0" hash="655607080"/>
						<line number="26" hits="0" hash="-1983241761"/>
						<line number="27" hits="0" hash="-1151008850"/>
						<line number="28" hits="0" hash="-1632441824"/>
						<line number="29" hits="0" hash="-1151007889"/>
						<line number="32" hits="0" hash="30537853"/>
					</lines>
				</class>
			</classes>
		</package>
		<package name="com.parasoft.bookstore.jdbc" line-rate="0.7222222222222222">
			<classes>
				<class filename="src/main/java/com/parasoft/bookstore/jdbc/JdbcBookstoreDao.java" name="com.parasoft.bookstore.jdbc.JdbcBookstoreDao" line-rate="0.722222222222222222">
					<lines>
						<line number="16" hits="2" hash="-652591591"/>
						<line number="17" hits="1" hash="1516527744"/>
						<line number="21" hits="1" hash="1642785792"/>
						<line number="23" hits="1" hash="194253638"/>
						<line number="33" hits="0" hash="30537853"/>
						<line number="43" hits="0" hash="60900619"/>
						<line number="54" hits="0" hash="-1531336540"/>
						<line number="64" hits="3" hash="-443812446"/>
						<line number="65" hits="3" hash="-652926159"/>
						<line number="67" hits="3" hash="1167408651"/>
						<line number="68" hits="3" hash="-1470335191"/>
						<line number="69" hits="3" hash="233426252"/>
						<line number="71" hits="3" hash="502763004"/>
						<line number="72" hits="3" hash="2135999889"/>
						<line number="74" hits="0" hash="1508372605"/>
						<line number="77" hits="3" hash="1762721363"/>
						<line number="78" hits="3" hash="30537853"/>
						<line number="89" hits="0" hash="30537853"/>
					</lines>
				</class>
			</classes>
		</package>
		<package name="com.parasoft.parabank.dao.jdbc" line-rate="0.8967551622418879">
			<classes>
				<class filename="src/main/java/com/parasoft/parabank/dao/jdbc/JdbcAccountDao.java" name="com.parasoft.parabank.dao.jdbc.JdbcAccountDao" line-rate="1">
					<lines>
						<line number="20" hits="2" hash="1804450464"/>
						<line number="60" hits="1" hash="-29866334"/>
						<line number="82" hits="7" hash="-986056698"/>
						<line number="85" hits="7" hash="1415060731"/>
						<line number="86" hits="7" hash="2020658969"/>
						<line number="87" hits="7" hash="-1092951649"/>
						<line number="88" hits="7" hash="-547143326"/>
						<line number="92" hits="7" hash="785252651"/>
						<line number="94" hits="7" hash="60970896"/>
						<line number="104" hits="23" hash="-246903045"/>
						<line number="106" hits="23" hash="-1773052623"/>
						<line number="107" hits="23" hash="1332727809"/>
						<line number="109" hits="23" hash="865805470"/>
						<line number="119" hits="17" hash="-190177530"/>
						<line number="121" hits="17" hash="1080364176"/>
						<line number="122" hits="17" hash="-583329315"/>
						<line number="124" hits="17" hash="1070167589"/>
						<line number="128" hits="2" hash="-1414172020"/>
						<line number="129" hits="2" hash="30537853"/>
						<line number="138" hits="15" hash="-986056698"/>
						<line number="141" hits="15" hash="-1092951649"/>
						<line number="142" hits="15" hash="-547143326"/>
						<line number="146" hits="15" hash="-1635263955"/>
						<line number="147" hits="15" hash="30537853"/>
					</lines>
				</class>
				<class filename="src/main/java/com/parasoft/parabank/dao/jdbc/JdbcAccountDao.java" name="com.parasoft.parabank.dao.jdbc.JdbcAccountDao#AccountMapper" line-rate="1">
					<lines>
						<line number="21" hits="35" hash="1408086542"/>
						<line number="24" hits="33" hash="-320717664"/>
						<line number="25" hits="33" hash="-63037496"/>
						<line number="26" hits="33" hash="426948259"/>
						<line number="27" hits="33" hash="-1840503629"/>
						<line number="28" hits="33" hash="790395512"/>
						<line number="29" hits="33" hash="1112876995"/>
						<line number="30" hits="33" hash="-1625088866"/>
					</lines>
				</class>
				<class filename="src/main/java/com/parasoft/parabank/dao/jdbc/JdbcAdminDao.java" name="com.parasoft.parabank.dao.jdbc.JdbcAdminDao" line-rate="0.878787878787878788">
					<lines>
						<line number="26" hits="2" hash="1711751888"/>
						<line number="27" hits="1" hash="1516527744"/>
						<line number="31" hits="1" hash="1200096824"/>
						<line number="33" hits="1" hash="753920728"/>
						<line number="35" hits="1" hash="330573816"/>
						<line number="46" hits="5" hash="-1254433592"/>
						<line number="47" hits="5" hash="-1173370251"/>
						<line number="48" hits="5" hash="-1427844538"/>
						<line number="49" hits="5" hash="-652926159"/>
						<line number="51" hits="5" hash="1167408651"/>
						<line number="52" hits="5" hash="-1295584927"/>
						<line number="53" hits="5" hash="2108529710"/>
						<line number="54" hits="5" hash="-1313397405"/>
						<line number="55" hits="5" hash="1178724477"/>
						<line number="56" hits="5" hash="-662797353"/>
						<line number="57" hits="0" hash="1264975433"/>
						<line number="58" hits="0" hash="761187174"/>
						<line number="60" hits="5" hash="502763004"/>
						<line number="61" hits="5" hash="2135999889"/>
						<line number="63" hits="0" hash="1508372605"/>
						<line number="64" hits="5" hash="-214637871"/>
						<line number="65" hits="0" hash="-2128760692"/>
						<line number="67" hits="5" hash="-1557579620"/>
						<line number="68" hits="5" hash="-1268479444"/>
						<line number="70" hits="5" hash="30537853"/>
						<line number="79" hits="38" hash="271179579"/>
						<line number="81" hits="38" hash="-1906868680"/>
						<line number="91" hits="8" hash="-1740128746"/>
						<line number="93" hits="8" hash="-1252976967"/>
						<line number="94" hits="8" hash="556113505"/>
						<line number="95" hits="8" hash="594905244"/>
						<line number="96" hits="8" hash="-366730401"/>
						<line number="98" hits="8" hash="319567009"/>
						<line number="109" hits="7" hash="-1529552956"/>
						<line number="111" hits="7" hash="-652926159"/>
						<line number="113" hits="7" hash="1167408651"/>
						<line number="114" hits="7" hash="-1470335191"/>
						<line number="115" hits="7" hash="781667614"/>
						<line number="116" hits="7" hash="233426252"/>
						<line number="118" hits="7" hash="502763004"/>
						<line number="119" hits="7" hash="2135999889"/>
						<line number="121" hits="0" hash="1508372605"/>
						<line number="125" hits="7" hash="-2032541455"/>
						<line number="126" hits="7" hash="179868907"/>
						<line number="127" hits="7" hash="-1148128337"/>
						<line number="128" hits="7" hash="1508372605"/>
						<line number="130" hits="7" hash="1595020979"/>
						<line number="132" hits="7" hash="30537853"/>
						<line number="143" hits="5" hash="-19641584"/>
						<line number="144" hits="5" hash="-652926159"/>
						<line number="146" hits="5" hash="1167408651"/>
						<line number="147" hits="5" hash="-1539310646"/>
						<line number="149" hits="5" hash="502763004"/>
						<line number="150" hits="5" hash="2135999889"/>
						<line number="152" hits="0" hash="1508372605"/>
						<line number="154" hits="5" hash="1270325494"/>
						<line number="155" hits="5" hash="30537853"/>
						<line number="158" hits="2" hash="-2071386092"/>
						<line number="159" hits="2" hash="30537853"/>
						<line number="168" hits="109" hash="-1198023824"/>
						<line number="169" hits="109" hash="-293354877"/>
						<line number="171" hits="109" hash="-2135575932"/>
						<line number="172" hits="109" hash="-546444551"/>
						<line number="173" hits="0" hash="-747150108"/>
						<line number="174" hits="0" hash="1185501333"/>
						<line number="176" hits="109" hash="30537853"/>
					</lines>
				</class>
				<class filename="src/main/java/com/parasoft/parabank/dao/jdbc/JdbcCustomerDao.java" name="com.parasoft.parabank.dao.jdbc.JdbcCustomerDao" line-rate="1">
					<lines>
						<line number="20" hits="2" hash="-482674038"/>
						<line number="42" hits="1" hash="-466777254"/>
						<line number="44" hits="2" hash="212026638"/>
						<line number="56" hits="4" hash="-986056698"/>
						<line number="59" hits="4" hash="-1719512766"/>
						<line number="60" hits="4" hash="1441853640"/>
						<line number="61" hits="4" hash="-299561968"/>
						<line number="62" hits="3" hash="-547143326"/>
						<line number="66" hits="3" hash="1701797446"/>
						<line number="68" hits="3" hash="60970896"/>
						<line number="78" hits="13" hash="-1660555335"/>
						<line number="80" hits="13" hash="55972676"/>
						<line number="81" hits="13" hash="-1848989878"/>
						<line number="83" hits="13" hash="213791021"/>
						<line number="93" hits="2" hash="-758481286"/>
						<line number="95" hits="2" hash="-781909103"/>
						<line number="98" hits="2" hash="12803540"/>
						<line number="99" hits="2" hash="-756935189"/>
						<line number="100" hits="2" hash="1473685800"/>
						<line number="101" hits="2" hash="141138600"/>
						<line number="102" hits="2" hash="1508372605"/>
						<line number="104" hits="2" hash="213791021"/>
						<line number="114" hits="17" hash="-1981171842"/>
						<line number="116" hits="17" hash="-781909103"/>
						<line number="119" hits="17" hash="-800999842"/>
						<line number="120" hits="16" hash="956442572"/>
						<line number="121" hits="3" hash="1473685800"/>
						<line number="122" hits="3" hash="541513189"/>
						<line number="123" hits="16" hash="1508372605"/>
						<line number="125" hits="17" hash="213791021"/>
						<line number="129" hits="2" hash="-1414172020"/>
						<line number="130" hits="2" hash="30537853"/>
						<line number="140" hits="3" hash="-986056698"/>
						<line number="141" hits="3" hash="552797692"/>
						<line number="143" hits="3" hash="-299561968"/>
						<line number="144" hits="3" hash="-547143326"/>
						<line number="147" hits="3" hash="810953845"/>
						<line number="148" hits="3" hash="30537853"/>
					</lines>
				</class>
				<class filename="src/main/java/com/parasoft/parabank/dao/jdbc/JdbcCustomerDao.java" name="com.parasoft.parabank.dao.jdbc.JdbcCustomerDao#CustomerMapper" line-rate="1">
					<lines>
						<line number="21" hits="29" hash="1391426830"/>
						<line number="24" hits="28" hash="1974793775"/>
						<line number="25" hits="28" hash="-2044231047"/>
						<line number="26" hits="28" hash="-1336509914"/>
						<line number="27" hits="28" hash="-1518146108"/>
						<line number="28" hits="28" hash="-905280853"/>
						<line number="29" hits="28" hash="1510106556"/>
						<line number="30" hits="28" hash="-1818730099"/>
						<line number="31" hits="28" hash="-23159273"/>
						<line number="32" hits="28" hash="-1366657830"/>
						<line number="33" hits="28" hash="-1160860736"/>
						<line number="34" hits="28" hash="1012746474"/>
						<line number="35" hits="28" hash="794687591"/>
						<line number="36" hits="28" hash="1158515075"/>
						<line number="37" hits="28" hash="-374789149"/>
						<line number="38" hits="28" hash="305477933"/>
					</lines>
				</class>
				<class filename="src/main/java/com/parasoft/parabank/dao/jdbc/JdbcNewsDao.java" name="com.parasoft.parabank.dao.jdbc.JdbcNewsDao" line-rate="1">
					<lines>
						<line number="19" hits="2" hash="1104855408"/>
						<line number="32" hits="1" hash="-704767910"/>
						<line number="41" hits="3" hash="393252061"/>
						<line number="43" hits="2" hash="1949009450"/>
						<line number="53" hits="1" hash="1350695599"/>
						<line number="55" hits="1" hash="1323373408"/>
						<line number="56" hits="1" hash="1684334094"/>
						<line number="58" hits="1" hash="-1531802408"/>
						<line number="68" hits="2" hash="-1560279106"/>
						<line number="70" hits="2" hash="577377154"/>
						<line number="71" hits="2" hash="-572253961"/>
						<line number="73" hits="2" hash="-1531802408"/>
					</lines>
				</class>
				<class filename="src/main/java/com/parasoft/parabank/dao/jdbc/JdbcNewsDao.java" name="com.parasoft.parabank.dao.jdbc.JdbcNewsDao#NewsMapper" line-rate="1">
					<lines>
						<line number="20" hits="3" hash="1477617786"/>
						<line number="23" hits="3" hash="1875770554"/>
						<line number="24" hits="3" hash="-1916715410"/>
						<line number="25" hits="3" hash="-1893195701"/>
						<line number="26" hits="3" hash="-740563154"/>
						<line number="27" hits="3" hash="-508378656"/>
						<line number="28" hits="3" hash="-823290664"/>
					</lines>
				</class>
				<class filename="src/main/java/com/parasoft/parabank/dao/jdbc/JdbcPositionDao.java" name="com.parasoft.parabank.dao.jdbc.JdbcPositionDao" line-rate="1">
					<lines>
						<line number="21" hits="2" hash="1886642228"/>
						<line number="47" hits="1" hash="-993963836"/>
						<line number="49" hits="2" hash="212026638"/>
						<line number="61" hits="4" hash="-986056698"/>
						<line number="64" hits="4" hash="-659173801"/>
						<line number="65" hits="4" hash="1507558940"/>
						<line number="66" hits="4" hash="-1632305509"/>
						<line number="67" hits="4" hash="-547143326"/>
						<line number="71" hits="4" hash="-76720526"/>
						<line number="73" hits="4" hash="-1253305510"/>
						<line number="83" hits="2" hash="482713754"/>
						<line number="84" hits="2" hash="-445874035"/>
						<line number="86" hits="2" hash="-1632305509"/>
						<line number="87" hits="2" hash="-547143326"/>
						<line number="90" hits="2" hash="-2044407544"/>
						<line number="91" hits="2" hash="955263368"/>
						<line number="101" hits="8" hash="-1430659299"/>
						<line number="103" hits="8" hash="90817584"/>
						<line number="104" hits="8" hash="1810166907"/>
						<line number="106" hits="8" hash="309346626"/>
						<line number="116" hits="2" hash="-275418043"/>
						<line number="118" hits="2" hash="-2131169916"/>
						<line number="120" hits="2" hash="-1127428929"/>
						<line number="121" hits="2" hash="450385077"/>
						<line number="123" hits="2" hash="158392191"/>
						<line number="126" hits="2" hash="1673139991"/>
						<line number="136" hits="3" hash="108704776"/>
						<line number="138" hits="3" hash="986785191"/>
						<line number="139" hits="3" hash="1334965144"/>
						<line number="141" hits="3" hash="999812609"/>
						<line number="145" hits="2" hash="-1414172020"/>
						<line number="146" hits="2" hash="30537853"/>
						<line number="155" hits="1" hash="482713754"/>
						<line number="156" hits="1" hash="-880808466"/>
						<line number="158" hits="1" hash="-1632305509"/>
						<line number="159" hits="1" hash="-547143326"/>
						<line number="162" hits="1" hash="-1890761937"/>
						<line number="163" hits="1" hash="955263368"/>
					</lines>
				</class>
				<class filename="src/main/java/com/parasoft/parabank/dao/jdbc/JdbcPositionDao.java" name="com.parasoft.parabank.dao.jdbc.JdbcPositionDao#HistoryPointMapper" line-rate="1">
					<lines>
						<line number="22" hits="2" hash="736308114"/>
						<line number="25" hits="2" hash="2083853361"/>
						<line number="26" hits="2" hash="-785727227"/>
						<line number="27" hits="2" hash="-2024176030"/>
						<line number="28" hits="2" hash="-140813408"/>
						<line number="29" hits="2" hash="1410474863"/>
					</lines>
				</class>
				<class filename="src/main/java/com/parasoft/parabank/dao/jdbc/JdbcPositionDao.java" name="com.parasoft.parabank.dao.jdbc.JdbcPositionDao#PositionMapper" line-rate="1">
					<lines>
						<line number="33" hits="10" hash="1897411640"/>
						<line number="36" hits="10" hash="430915940"/>
						<line number="37" hits="10" hash="-1293074927"/>
						<line number="38" hits="10" hash="-1214479577"/>
						<line number="39" hits="10" hash="-1838220872"/>
						<line number="40" hits="10" hash="-1966233064"/>
						<line number="41" hits="10" hash="1548484022"/>
						<line number="42" hits="10" hash="2137585365"/>
						<line number="43" hits="10" hash="401033538"/>
					</lines>
				</class>
				<class filename="src/main/java/com/parasoft/parabank/dao/jdbc/JdbcSequenceDao.java" name="com.parasoft.parabank.dao.jdbc.JdbcSequenceDao" line-rate="0.75">
					<lines>
						<line number="8" hits="2" hash="-315469949"/>
						<line number="12" hits="0" hash="-1001301561"/>
						<line number="14" hits="0" hash="-212471364"/>
						<line number="19" hits="0" hash="1112638365"/>
						<line number="30" hits="32" hash="-1001301561"/>
						<line number="32" hits="32" hash="-212471364"/>
						<line number="35" hits="32" hash="1732115293"/>
						<line number="36" hits="32" hash="1112638365"/>
						<line number="40" hits="7" hash="1732115293"/>
						<line number="41" hits="7" hash="-1001301561"/>
						<line number="43" hits="7" hash="2021511334"/>
						<line number="44" hits="7" hash="2060554685"/>
					</lines>
				</class>
				<class filename="src/main/java/com/parasoft/parabank/dao/jdbc/JdbcTransactionDao.java" name="com.parasoft.parabank.dao.jdbc.JdbcTransactionDao" line-rate="1">
					<lines>
						<line number="22" hits="2" hash="-424331840"/>
						<line number="38" hits="1" hash="2014198918"/>
						<line number="49" hits="15" hash="-986056698"/>
						<line number="52" hits="15" hash="630878378"/>
						<line number="53" hits="15" hash="-1085153848"/>
						<line number="54" hits="15" hash="-959970800"/>
						<line number="55" hits="15" hash="-547143326"/>
						<line number="59" hits="15" hash="-92132390"/>
						<line number="61" hits="15" hash="60970896"/>
						<line number="71" hits="6" hash="-986056698"/>
						<line number="74" hits="6" hash="1428756128"/>
						<line number="75" hits="5" hash="1516222548"/>
						<line number="77" hits="5" hash="666434061"/>
						<line number="88" hits="4" hash="-986056698"/>
						<line number="91" hits="4" hash="-1506974588"/>
						<line number="92" hits="4" hash="843616639"/>
						<line number="94" hits="4" hash="-815378794"/>
						<line number="105" hits="9" hash="-2139661924"/>
						<line number="108" hits="9" hash="2062433705"/>
						<line number="109" hits="9" hash="259578091"/>
						<line number="111" hits="9" hash="-1840365006"/>
						<line number="114" hits="9" hash="-1403469229"/>
						<line number="116" hits="9" hash="-1496523073"/>
						<line number="117" hits="9" hash="2007579533"/>
						<line number="118" hits="9" hash="-390187129"/>
						<line number="120" hits="9" hash="-815378794"/>
						<line number="124" hits="9" hash="-981653105"/>
						<line number="128" hits="2" hash="-1414172020"/>
						<line number="129" hits="2" hash="30537853"/>
					</lines>
				</class>
				<class filename="src/main/java/com/parasoft/parabank/dao/jdbc/JdbcTransactionDao.java" name="com.parasoft.parabank.dao.jdbc.JdbcTransactionDao#TransactionMapper" line-rate="1">
					<lines>
						<line number="23" hits="19" hash="1914646702"/>
						<line number="26" hits="17" hash="-2040000851"/>
						<line number="27" hits="17" hash="-1243306631"/>
						<line number="28" hits="17" hash="-1045184908"/>
						<line number="29" hits="17" hash="-1595537950"/>
						<line number="30" hits="17" hash="-623744992"/>
						<line number="31" hits="17" hash="-1237408030"/>
						<line number="32" hits="17" hash="403466798"/>
						<line number="33" hits="17" hash="296073155"/>
						<line number="34" hits="17" hash="512029197"/>
					</lines>
				</class>
				<class filename="src/main/java/com/parasoft/parabank/dao/jdbc/JdbcTransactionQueryRestrictor.java" name="com.parasoft.parabank.dao.jdbc.JdbcTransactionQueryRestrictor" line-rate="0.851063829787234043">
					<lines>
						<line number="18" hits="9" hash="91628103"/>
						<line number="19" hits="1" hash="-1831027642"/>
						<line number="22" hits="3" hash="1184598311"/>
						<line number="24" hits="3" hash="-812211432"/>
						<line number="25" hits="2" hash="-1563316861"/>
						<line number="27" hits="2" hash="1761306982"/>
						<line number="28" hits="0" hash="-1980693341"/>
						<line number="30" hits="2" hash="1178724477"/>
						<line number="31" hits="2" hash="1473828172"/>
						<line number="34" hits="3" hash="-1197805478"/>
						<line number="35" hits="3" hash="393602020"/>
						<line number="39" hits="3" hash="88155056"/>
						<line number="41" hits="3" hash="625570840"/>
						<line number="43" hits="0" hash="373601215"/>
						<line number="44" hits="0" hash="-2039351822"/>
						<line number="45" hits="0" hash="700152953"/>
						<line number="46" hits="0" hash="901890764"/>
						<line number="47" hits="0" hash="1197881350"/>
						<line number="48" hits="1" hash="605181273"/>
						<line number="49" hits="1" hash="-1539072638"/>
						<line number="50" hits="0" hash="1178724477"/>
						<line number="52" hits="3" hash="393602020"/>
						<line number="56" hits="3" hash="-173884479"/>
						<line number="57" hits="3" hash="1389518179"/>
						<line number="58" hits="3" hash="-730484316"/>
						<line number="62" hits="1" hash="295988321"/>
						<line number="63" hits="1" hash="-1271298126"/>
						<line number="64" hits="1" hash="-702310122"/>
						<line number="65" hits="1" hash="1288979739"/>
						<line number="69" hits="3" hash="1518723862"/>
						<line number="70" hits="3" hash="-843966535"/>
						<line number="71" hits="3" hash="-695285190"/>
						<line number="75" hits="2" hash="1251048406"/>
						<line number="76" hits="2" hash="-663802394"/>
						<line number="77" hits="2" hash="-299457625"/>
						<line number="90" hits="9" hash="88155056"/>
						<line number="91" hits="9" hash="1918912222"/>
						<line number="93" hits="3" hash="-1487300669"/>
						<line number="94" hits="3" hash="431810332"/>
						<line number="96" hits="2" hash="-720543561"/>
						<line number="97" hits="2" hash="431810332"/>
						<line number="99" hits="3" hash="793193028"/>
						<line number="100" hits="3" hash="431810332"/>
						<line number="102" hits="1" hash="-1760662633"/>
						<line number="103" hits="1" hash="431810332"/>
						<line number="105" hits="3" hash="-1420504358"/>
						<line number="108" hits="9" hash="393602020"/>
					</lines>
				</class>
				<class filename="src/main/java/com/parasoft/parabank/dao/jdbc/SecureJdbcCustomerDao.java" name="com.parasoft.parabank.dao.jdbc.SecureJdbcCustomerDao" line-rate="0">
					<lines>
						<line number="14" hits="0" hash="-1663475824"/>
						<line number="23" hits="0" hash="-986056698"/>
						<line number="26" hits="0" hash="-299561968"/>
						<line number="27" hits="0" hash="-547143326"/>
						<line number="30" hits="0" hash="810953845"/>
						<line number="31" hits="0" hash="30537853"/>
					</lines>
				</class>
				<class filename="src/main/java/com/parasoft/parabank/dao/jdbc/SecureJdbcTransactionDao.java" name="com.parasoft.parabank.dao.jdbc.SecureJdbcTransactionDao" line-rate="0">
					<lines>
						<line number="16" hits="0" hash="503976428"/>
						<line number="20" hits="0" hash="1500934766"/>
						<line number="21" hits="0" hash="-1295347720"/>
						<line number="22" hits="0" hash="-1101799862"/>
						<line number="24" hits="0" hash="-1731208619"/>
						<line number="29" hits="0" hash="-734568832"/>
						<line number="31" hits="0" hash="-812211432"/>
						<line number="32" hits="0" hash="-1153167029"/>
						<line number="33" hits="0" hash="-167095790"/>
						<line number="36" hits="0" hash="-1197805478"/>
						<line number="37" hits="0" hash="393602020"/>
					</lines>
				</class>
			</classes>
		</package>
		<package name="com.parasoft.parabank.domain" line-rate="0.9635036496350365">
			<classes>
				<class filename="src/main/java/com/parasoft/parabank/domain/Account.java" name="com.parasoft.parabank.domain.Account" line-rate="0.973684210526315789">
					<lines>
						<line number="17" hits="51" hash="1683335881"/>
						<line number="42" hits="13" hash="-1997709366"/>
						<line number="43" hits="13" hash="30537853"/>
						<line number="46" hits="15" hash="814001957"/>
						<line number="47" hits="15" hash="30537853"/>
						<line number="51" hits="10" hash="-616749936"/>
						<line number="52" hits="8" hash="-817364611"/>
						<line number="54" hits="6" hash="1394887465"/>
						<line number="55" hits="1" hash="14739560"/>
						<line number="57" hits="6" hash="-989081200"/>
						<line number="58" hits="6" hash="1374718278"/>
						<line number="59" hits="3" hash="-1416002755"/>
						<line number="65" hits="4" hash="-1507832686"/>
						<line number="69" hits="30" hash="1078121935"/>
						<line number="73" hits="22" hash="-705242414"/>
						<line number="77" hits="41" hash="60970896"/>
						<line number="83" hits="17" hash="-1849653506"/>
						<line number="84" hits="0" hash="26741520"/>
						<line number="86" hits="17" hash="-630435955"/>
						<line number="90" hits="9" hash="-1525672623"/>
						<line number="95" hits="1" hash="-474796802"/>
						<line number="96" hits="1" hash="-74600353"/>
						<line number="97" hits="1" hash="2033687205"/>
						<line number="98" hits="1" hash="-113887001"/>
						<line number="99" hits="1" hash="224672345"/>
						<line number="100" hits="1" hash="136975361"/>
						<line number="101" hits="1" hash="363132110"/>
						<line number="105" hits="45" hash="352930422"/>
						<line number="106" hits="45" hash="30537853"/>
						<line number="109" hits="41" hash="-1733106328"/>
						<line number="110" hits="41" hash="30537853"/>
						<line number="113" hits="44" hash="-1284341208"/>
						<line number="114" hits="44" hash="30537853"/>
						<line number="118" hits="34" hash="-1273922096"/>
						<line number="119" hits="34" hash="30537853"/>
						<line number="122" hits="10" hash="1499388168"/>
						<line number="123" hits="10" hash="30537853"/>
						<line number="127" hits="2" hash="-510400900"/>
					</lines>
				</class>
				<class filename="src/main/java/com/parasoft/parabank/domain/Account.java" name="com.parasoft.parabank.domain.Account#AccountType" line-rate="1">
					<lines>
						<line number="19" hits="76" hash="276028346"/>
						<line number="20" hits="1" hash="-261876761"/>
						<line number="24" hits="1" hash="729134311"/>
						<line number="25" hits="1" hash="-1600999064"/>
						<line number="26" hits="1" hash="1508372605"/>
						<line number="29" hits="1" hash="-803221970"/>
					</lines>
				</class>
				<class filename="src/main/java/com/parasoft/parabank/domain/Address.java" name="com.parasoft.parabank.domain.Address" line-rate="1">
					<lines>
						<line number="11" hits="41" hash="89941712"/>
						<line number="18" hits="16" hash="1678666152"/>
						<line number="22" hits="33" hash="1629823272"/>
						<line number="23" hits="33" hash="30537853"/>
						<line number="26" hits="16" hash="-1541844672"/>
						<line number="30" hits="33" hash="-305177048"/>
						<line number="31" hits="33" hash="30537853"/>
						<line number="34" hits="16" hash="-84888902"/>
						<line number="38" hits="33" hash="-1550221556"/>
						<line number="39" hits="33" hash="30537853"/>
						<line number="42" hits="16" hash="-1447166403"/>
						<line number="46" hits="33" hash="1081240018"/>
						<line number="47" hits="33" hash="30537853"/>
						<line number="51" hits="3" hash="-474796802"/>
						<line number="52" hits="3" hash="-74600353"/>
						<line number="53" hits="3" hash="2065092025"/>
						<line number="54" hits="3" hash="1230704121"/>
						<line number="55" hits="3" hash="11998423"/>
						<line number="56" hits="3" hash="1615434845"/>
						<line number="57" hits="3" hash="363132110"/>
						<line number="62" hits="6" hash="-848551568"/>
						<line number="63" hits="3" hash="14739560"/>
						<line number="65" hits="6" hash="-635728990"/>
						<line number="66" hits="6" hash="1447838556"/>
						<line number="67" hits="6" hash="-1190338308"/>
						<line number="68" hits="6" hash="-429310686"/>
						<line number="69" hits="6" hash="585810333"/>
						<line number="74" hits="15" hash="-1246705991"/>
					</lines>
				</class>
				<class filename="src/main/java/com/parasoft/parabank/domain/BillPayResult.java" name="com.parasoft.parabank.domain.BillPayResult" line-rate="0.533333333333333333">
					<lines>
						<line number="23" hits="0" hash="-1088671715"/>
						<line number="25" hits="1" hash="-435725905"/>
						<line number="26" hits="1" hash="-336185570"/>
[...]
						<line number="336" hits="0" hash="1747222218"/>
						<line number="337" hits="0" hash="499494511"/>
						<line number="338" hits="0" hash="-518368514"/>
						<line number="341" hits="0" hash="792139591"/>
						<line number="348" hits="1" hash="1217755237"/>
						<line number="349" hits="1" hash="1210128455"/>
						<line number="350" hits="1" hash="-972263434"/>
						<line number="351" hits="1" hash="1643203308"/>
						<line number="353" hits="1" hash="1811614142"/>
						<line number="354" hits="1" hash="1807467655"/>
						<line number="355" hits="1" hash="-2022490141"/>
						<line number="356" hits="1" hash="1747222218"/>
						<line number="357" hits="0" hash="499494511"/>
						<line number="358" hits="0" hash="-518368514"/>
						<line number="361" hits="1" hash="792139591"/>
						<line number="367" hits="0" hash="-952998940"/>
						<line number="368" hits="0" hash="1529727259"/>
						<line number="369" hits="0" hash="1664952643"/>
						<line number="370" hits="0" hash="1397936027"/>
						<line number="371" hits="0" hash="-930201631"/>
						<line number="372" hits="0" hash="-1258180189"/>
						<line number="373" hits="0" hash="1508372605"/>
						<line number="378" hits="1" hash="1217755237"/>
						<line number="379" hits="1" hash="1210128455"/>
						<line number="380" hits="1" hash="-972263434"/>
						<line number="381" hits="1" hash="1643203308"/>
						<line number="383" hits="1" hash="1747222218"/>
						<line number="384" hits="0" hash="-949102351"/>
						<line number="387" hits="1" hash="1689359544"/>
						<line number="392" hits="12" hash="344260792"/>
						<line number="393" hits="12" hash="566349030"/>
						<line number="394" hits="12" hash="-312407334"/>
						<line number="395" hits="12" hash="-1416275494"/>
						<line number="396" hits="12" hash="-550793021"/>
						<line number="397" hits="0" hash="1350932395"/>
						<line number="398" hits="0" hash="824712524"/>
						<line number="399" hits="0" hash="-855837131"/>
						<line number="401" hits="0" hash="1431037126"/>
						<line number="402" hits="0" hash="1046611205"/>
						<line number="403" hits="0" hash="-855837131"/>
						<line number="405" hits="0" hash="-1157259977"/>
						<line number="406" hits="0" hash="-1265380816"/>
						<line number="407" hits="0" hash="-855837131"/>
						<line number="409" hits="0" hash="646285399"/>
						<line number="410" hits="12" hash="539019185"/>
						<line number="411" hits="12" hash="1237279650"/>
						<line number="412" hits="12" hash="-579776259"/>
						<line number="413" hits="12" hash="1128166383"/>
						<line number="415" hits="12" hash="533716410"/>
						<line number="416" hits="12" hash="1540804647"/>
						<line number="417" hits="12" hash="-1188728175"/>
						<line number="418" hits="12" hash="727585664"/>
						<line number="419" hits="12" hash="-434903415"/>
						<line number="420" hits="12" hash="806647326"/>
						<line number="421" hits="12" hash="1223502426"/>
						<line number="422" hits="0" hash="180128747"/>
						<line number="423" hits="0" hash="1032540274"/>
						<line number="425" hits="12" hash="-1981175721"/>
						<line number="426" hits="0" hash="-825523221"/>
						<line number="427" hits="0" hash="-1836169102"/>
						<line number="429" hits="0" hash="1118246051"/>
						<line number="430" hits="0" hash="555121643"/>
						<line number="431" hits="0" hash="265109618"/>
						<line number="432" hits="12" hash="-742270851"/>
						<line number="437" hits="12" hash="30537853"/>
					</lines>
				</class>
				<class filename="src/main/java/com/parasoft/parabank/web/controller/TransactionController.java" name="com.parasoft.parabank.web.controller.TransactionController" line-rate="0.814814814814814815">
					<lines>
						<line number="25" hits="3" hash="642322369"/>
						<line number="27" hits="1" hash="1956560560"/>
						<line number="39" hits="2" hash="1426970850"/>
						<line number="40" hits="1" hash="1442030920"/>
						<line number="41" hits="1" hash="-970341817"/>
						<line number="44" hits="2" hash="504838733"/>
						<line number="47" hits="2" hash="-1005383609"/>
						<line number="49" hits="2" hash="224421878"/>
						<line number="50" hits="2" hash="-670874900"/>
						<line number="53" hits="2" hash="-2000783670"/>
						<line number="54" hits="0" hash="509022323"/>
						<line number="59" hits="1" hash="988831426"/>
						<line number="60" hits="1" hash="-2131902173"/>
						<line number="63" hits="1" hash="-1533722086"/>
						<line number="64" hits="1" hash="1824842553"/>
						<line number="65" hits="1" hash="-2103281580"/>
						<line number="66" hits="1" hash="1473685800"/>
						<line number="67" hits="1" hash="1824842553"/>
						<line number="68" hits="1" hash="-2103281580"/>
						<line number="69" hits="1" hash="1508372605"/>
						<line number="71" hits="1" hash="979490699"/>
						<line number="76" hits="0" hash="956267816"/>
						<line number="77" hits="0" hash="30537853"/>
						<line number="80" hits="0" hash="311414408"/>
						<line number="81" hits="0" hash="30537853"/>
						<line number="87" hits="1" hash="-1251501908"/>
						<line number="88" hits="1" hash="30537853"/>
					</lines>
				</class>
				<class filename="src/main/java/com/parasoft/parabank/web/controller/TransferController.java" name="com.parasoft.parabank.web.controller.TransferController" line-rate="0.82608695652173913">
					<lines>
						<line number="31" hits="2" hash="611779433"/>
						<line number="43" hits="1" hash="580935062"/>
						<line number="44" hits="1" hash="-1529859538"/>
						<line number="46" hits="1" hash="-1054887347"/>
						<line number="47" hits="1" hash="747265495"/>
						<line number="48" hits="1" hash="-2047567655"/>
						<line number="49" hits="1" hash="1508372605"/>
						<line number="50" hits="1" hash="1932661088"/>
						<line number="55" hits="1" hash="1594580245"/>
						<line number="60" hits="1" hash="322878427"/>
						<line number="61" hits="1" hash="1890215945"/>
						<line number="66" hits="0" hash="956267816"/>
						<line number="67" hits="0" hash="30537853"/>
						<line number="70" hits="0" hash="311414408"/>
						<line number="71" hits="0" hash="30537853"/>
						<line number="77" hits="2" hash="1155307124"/>
						<line number="78" hits="2" hash="30537853"/>
						<line number="84" hits="1" hash="315892488"/>
						<line number="85" hits="1" hash="30537853"/>
						<line number="91" hits="1" hash="-1251501908"/>
						<line number="92" hits="1" hash="30537853"/>
						<line number="97" hits="1" hash="-158456135"/>
						<line number="98" hits="1" hash="30537853"/>
					</lines>
				</class>
				<class filename="src/main/java/com/parasoft/parabank/web/controller/UpdateCustomerController.java" name="com.parasoft.parabank.web.controller.UpdateCustomerController" line-rate="0.74358974358974359">
					<lines>
						<line number="37" hits="3" hash="362325069"/>
						<line number="38" hits="1" hash="-623592603"/>
						<line number="48" hits="0" hash="-1060595047"/>
						<line number="49" hits="0" hash="60965657"/>
						<line number="64" hits="2" hash="413959857"/>
						<line number="65" hits="2" hash="433587644"/>
						<line number="66" hits="2" hash="1035839558"/>
						<line number="67" hits="2" hash="1151305216"/>
						<line number="68" hits="2" hash="-582398024"/>
						<line number="69" hits="2" hash="-833522366"/>
						<line number="70" hits="2" hash="60975298"/>
						<line number="77" hits="2" hash="1154351676"/>
						<line number="78" hits="1" hash="-926088358"/>
						<line number="83" hits="1" hash="1210128455"/>
						<line number="85" hits="1" hash="-972263434"/>
						<line number="86" hits="1" hash="1643203308"/>
						<line number="88" hits="1" hash="411473954"/>
						<line number="89" hits="1" hash="1747222218"/>
						<line number="90" hits="0" hash="-1866440303"/>
						<line number="91" hits="0" hash="1892343238"/>
						<line number="92" hits="0" hash="348821747"/>
						<line number="93" hits="0" hash="1508372605"/>
						<line number="96" hits="1" hash="-1831076289"/>
						<line number="97" hits="1" hash="1560879177"/>
						<line number="98" hits="1" hash="-14807936"/>
						<line number="99" hits="1" hash="348821747"/>
						<line number="102" hits="1" hash="2085139274"/>
						<line number="107" hits="0" hash="956267816"/>
						<line number="108" hits="0" hash="30537853"/>
						<line number="111" hits="0" hash="311414408"/>
						<line number="112" hits="0" hash="30537853"/>
						<line number="118" hits="1" hash="1155307124"/>
						<line number="119" hits="1" hash="30537853"/>
						<line number="125" hits="1" hash="315892488"/>
						<line number="126" hits="1" hash="30537853"/>
						<line number="132" hits="1" hash="-1251501908"/>
						<line number="133" hits="1" hash="30537853"/>
						<line number="139" hits="3" hash="-158456135"/>
						<line number="140" hits="3" hash="30537853"/>
					</lines>
				</class>
			</classes>
		</package>
		<package name="com.parasoft.parabank.web.controller.exception" line-rate="0.06666666666666667">
			<classes>
				<class filename="src/main/java/com/parasoft/parabank/web/controller/exception/AuthenticationException.java" name="com.parasoft.parabank.web.controller.exception.AuthenticationException" line-rate="0">
					<lines>
						<line number="14" hits="0" hash="-365505186"/>
						<line number="15" hits="0" hash="1103404200"/>
						<line number="16" hits="0" hash="30537853"/>
						<line number="19" hits="0" hash="1588436640"/>
					</lines>
				</class>
				<class filename="src/main/java/com/parasoft/parabank/web/controller/exception/AuthenticationException.java" name="com.parasoft.parabank.web.controller.exception.AuthenticationException#MessageBody" line-rate="0">
					<lines>
						<line number="26" hits="0" hash="-1398059146"/>
						<line number="27" hits="0" hash="526937248"/>
						<line number="28" hits="0" hash="1508372605"/>
						<line number="31" hits="0" hash="49963524"/>
						<line number="35" hits="0" hash="-315467585"/>
					</lines>
				</class>
				<class filename="src/main/java/com/parasoft/parabank/web/controller/exception/RestResponseEntityExceptionHandler.java" name="com.parasoft.parabank.web.controller.exception.RestResponseEntityExceptionHandler" line-rate="0.166666666666666667">
					<lines>
						<line number="12" hits="1" hash="-2080529617"/>
						<line number="16" hits="0" hash="7587739"/>
						<line number="17" hits="0" hash="811491340"/>
						<line number="20" hits="0" hash="-306599741"/>
						<line number="23" hits="0" hash="-1807708848"/>
						<line number="24" hits="0" hash="-1728277321"/>
					</lines>
				</class>
			</classes>
		</package>
		<package name="com.parasoft.parabank.web.form" line-rate="0.8666666666666667">
			<classes>
				<class filename="src/main/java/com/parasoft/parabank/web/form/AdminForm.java" name="com.parasoft.parabank.web.form.AdminForm" line-rate="0.928571428571428571">
					<lines>
						<line number="12" hits="9" hash="1050017679"/>
						<line number="25" hits="0" hash="17679620"/>
						<line number="29" hits="1" hash="1036798550"/>
						<line number="35" hits="3" hash="1004490067"/>
						<line number="39" hits="1" hash="169373673"/>
						<line number="43" hits="3" hash="34330978"/>
						<line number="47" hits="1" hash="1661029994"/>
						<line number="51" hits="3" hash="-1954997219"/>
						<line number="55" hits="14" hash="-805719083"/>
						<line number="69" hits="0" hash="-1867508510"/>
						<line number="73" hits="0" hash="-2098644213"/>
						<line number="77" hits="1" hash="-105840264"/>
						<line number="78" hits="1" hash="30537853"/>
						<line number="81" hits="1" hash="-1379397528"/>
						<line number="82" hits="1" hash="30537853"/>
						<line number="85" hits="2" hash="1956097160"/>
						<line number="86" hits="2" hash="30537853"/>
						<line number="89" hits="1" hash="-2110527126"/>
						<line number="90" hits="1" hash="30537853"/>
						<line number="93" hits="2" hash="1012049512"/>
						<line number="94" hits="2" hash="30537853"/>
						<line number="97" hits="1" hash="454712552"/>
						<line number="98" hits="1" hash="30537853"/>
						<line number="101" hits="2" hash="-120989240"/>
						<line number="102" hits="2" hash="30537853"/>
						<line number="105" hits="7" hash="-306814136"/>
						<line number="106" hits="7" hash="-913243260"/>
						<line number="107" hits="7" hash="415032723"/>
						<line number="108" hits="7" hash="974509441"/>
						<line number="109" hits="7" hash="-2109989598"/>
						<line number="110" hits="7" hash="478002709"/>
						<line number="111" hits="7" hash="-721231907"/>
						<line number="112" hits="7" hash="-2025480745"/>
						<line number="113" hits="7" hash="1756638665"/>
						<line number="114" hits="7" hash="1706414911"/>
						<line number="115" hits="7" hash="-729706233"/>
						<line number="116" hits="7" hash="-1522601322"/>
						<line number="117" hits="7" hash="30537853"/>
						<line number="120" hits="1" hash="2043765397"/>
						<line number="121" hits="1" hash="30537853"/>
						<line number="124" hits="1" hash="1360967093"/>
						<line number="125" hits="1" hash="30537853"/>
					</lines>
				</class>
				<class filename="src/main/java/com/parasoft/parabank/web/form/AdminForm.java" name="com.parasoft.parabank.web.form.AdminForm#1" line-rate="1">
					<lines>
						<line number="55" hits="14" hash="-805719083"/>
						<line number="56" hits="7" hash="973437662"/>
						<line number="57" hits="7" hash="-498419824"/>
						<line number="58" hits="7" hash="1193312417"/>
						<line number="59" hits="7" hash="1876110721"/>
						<line number="60" hits="7" hash="-1723706514"/>
						<line number="61" hits="7" hash="190488750"/>
						<line number="62" hits="7" hash="1489085369"/>
						<line number="63" hits="7" hash="-1924430545"/>
						<line number="64" hits="7" hash="1273054355"/>
						<line number="65" hits="7" hash="2142098587"/>
					</lines>
				</class>
				<class filename="src/main/java/com/parasoft/parabank/web/form/BillPayForm.java" name="com.parasoft.parabank.web.form.BillPayForm" line-rate="1">
					<lines>
						<line number="10" hits="4" hash="-1460908639"/>
						<line number="17" hits="2" hash="-187622685"/>
						<line number="21" hits="2" hash="1130894942"/>
						<line number="22" hits="2" hash="30537853"/>
						<line number="25" hits="2" hash="-2079321033"/>
						<line number="29" hits="2" hash="236770822"/>
						<line number="30" hits="2" hash="30537853"/>
						<line number="33" hits="2" hash="-1614187533"/>
						<line number="37" hits="2" hash="-747338360"/>
						<line number="38" hits="2" hash="30537853"/>
						<line number="41" hits="2" hash="406103373"/>
						<line number="45" hits="2" hash="-1816327118"/>
						<line number="46" hits="2" hash="30537853"/>
					</lines>
				</class>
				<class filename="src/main/java/com/parasoft/parabank/web/form/ContactForm.java" name="com.parasoft.parabank.web.form.ContactForm" line-rate="1">
					<lines>
						<line number="6" hits="3" hash="830255968"/>
						<line number="13" hits="2" hash="-1531931616"/>
						<line number="17" hits="2" hash="1485333032"/>
						<line number="18" hits="2" hash="30537853"/>
						<line number="21" hits="2" hash="-492172017"/>
						<line number="25" hits="2" hash="-204796234"/>
						<line number="26" hits="2" hash="30537853"/>
						<line number="29" hits="2" hash="-181447299"/>
						<line number="33" hits="2" hash="-1200270958"/>
						<line number="34" hits="2" hash="30537853"/>
						<line number="37" hits="2" hash="-1754109436"/>
						<line number="41" hits="2" hash="-547851104"/>
						<line number="42" hits="2" hash="30537853"/>
					</lines>
				</class>
				<class filename="src/main/java/com/parasoft/parabank/web/form/CustomerForm.java" name="com.parasoft.parabank.web.form.CustomerForm" line-rate="1">
					<lines>
						<line number="13" hits="2" hash="57972755"/>
						<line number="14" hits="2" hash="-1376898040"/>
						<line number="15" hits="2" hash="30537853"/>
						<line number="17" hits="3" hash="1124484821"/>
						<line number="18" hits="3" hash="-1465471369"/>
						<line number="19" hits="3" hash="30537853"/>
						<line number="22" hits="5" hash="213791021"/>
						<line number="26" hits="5" hash="-766449738"/>
						<line number="30" hits="5" hash="-851918232"/>
						<line number="31" hits="5" hash="30537853"/>
					</lines>
				</class>
				<class filename="src/main/java/com/parasoft/parabank/web/form/FindTransactionForm.java" name="com.parasoft.parabank.web.form.FindTransactionForm" line-rate="1">
					<lines>
						<line number="8" hits="3" hash="-86073883"/>
						<line number="13" hits="1" hash="-1184582141"/>
						<line number="17" hits="2" hash="-336185570"/>
						<line number="18" hits="2" hash="30537853"/>
						<line number="21" hits="2" hash="-1013857844"/>
						<line number="25" hits="2" hash="-261494104"/>
						<line number="26" hits="2" hash="30537853"/>
					</lines>
				</class>
				<class filename="src/main/java/com/parasoft/parabank/web/form/LookupForm.java" name="com.parasoft.parabank.web.form.LookupForm" line-rate="1">
					<lines>
						<line number="8" hits="2" hash="-1635003624"/>
						<line number="15" hits="2" hash="-558289104"/>
						<line number="19" hits="2" hash="-1279668744"/>
						<line number="20" hits="2" hash="30537853"/>
						<line number="23" hits="2" hash="599275306"/>
						<line number="27" hits="2" hash="-2139520024"/>
						<line number="28" hits="2" hash="30537853"/>
						<line number="31" hits="2" hash="1784236983"/>
						<line number="35" hits="2" hash="-1163267002"/>
						<line number="36" hits="2" hash="30537853"/>
						<line number="39" hits="2" hash="1890411741"/>
						<line number="43" hits="2" hash="-1312685678"/>
						<line number="44" hits="2" hash="30537853"/>
					</lines>
				</class>
				<class filename="src/main/java/com/parasoft/parabank/web/form/OpenAccountForm.java" name="com.parasoft.parabank.web.form.OpenAccountForm" line-rate="0.142857142857142857">
					<lines>
						<line number="8" hits="1" hash="566969603"/>
						<line number="13" hits="0" hash="-1525672623"/>
						<line number="17" hits="0" hash="1499388168"/>
						<line number="18" hits="0" hash="30537853"/>
						<line number="21" hits="0" hash="406103373"/>
						<line number="25" hits="0" hash="-1816327118"/>
						<line number="26" hits="0" hash="30537853"/>
					</lines>
				</class>
				<class filename="src/main/java/com/parasoft/parabank/web/form/RequestLoanForm.java" name="com.parasoft.parabank.web.form.RequestLoanForm" line-rate="1">
					<lines>
						<line number="8" hits="3" hash="1260074911"/>
						<line number="14" hits="2" hash="-1614187533"/>
						<line number="18" hits="2" hash="-747338360"/>
						<line number="19" hits="2" hash="30537853"/>
						<line number="22" hits="2" hash="-576895321"/>
						<line number="26" hits="1" hash="345110182"/>
						<line number="27" hits="1" hash="30537853"/>
						<line number="30" hits="1" hash="406103373"/>
						<line number="34" hits="1" hash="-1816327118"/>
						<line number="35" hits="1" hash="30537853"/>
					</lines>
				</class>
				<class filename="src/main/java/com/parasoft/parabank/web/form/TransferForm.java" name="com.parasoft.parabank.web.form.TransferForm" line-rate="0.1">
					<lines>
						<line number="8" hits="1" hash="-1925853943"/>
						<line number="14" hits="0" hash="-1614187533"/>
						<line number="18" hits="0" hash="-747338360"/>
						<line number="19" hits="0" hash="30537853"/>
						<line number="22" hits="0" hash="406103373"/>
						<line number="26" hits="0" hash="-1816327118"/>
						<line number="27" hits="0" hash="30537853"/>
						<line number="30" hits="0" hash="98010846"/>
						<line number="34" hits="0" hash="-1606792492"/>
						<line number="35" hits="0" hash="30537853"/>
					</lines>
				</class>
			</classes>
		</package>
	</packages>
</coverage>